<?xml version="1.0" encoding="UTF-8"?>
<testsuite xmlns:xsi="http://www.w3.org/2001/XMLSchema-instance" xsi:noNamespaceSchemaLocation="https://maven.apache.org/surefire/maven-surefire-plugin/xsd/surefire-test-report.xsd" name="com.twoDB.flowable.FlowTwoDbApplicationTests" time="10.076" tests="1" errors="1" skipped="0" failures="0">
  <properties>
    <property name="java.specification.version" value="17"/>
    <property name="sun.cpu.isalist" value="amd64"/>
    <property name="sun.jnu.encoding" value="Cp1252"/>
    <property name="java.class.path" value="C:\Users\Alaa\eclipse-workspace\flowTwoDB\target\test-classes;C:\Users\Alaa\eclipse-workspace\flowTwoDB\target\classes;C:\Users\Alaa\.m2\repository\org\springframework\boot\spring-boot-starter-data-jpa\2.6.10\spring-boot-starter-data-jpa-2.6.10.jar;C:\Users\Alaa\.m2\repository\org\springframework\boot\spring-boot-starter-aop\2.6.10\spring-boot-starter-aop-2.6.10.jar;C:\Users\Alaa\.m2\repository\org\springframework\spring-aop\5.3.22\spring-aop-5.3.22.jar;C:\Users\Alaa\.m2\repository\org\aspectj\aspectjweaver\1.9.7\aspectjweaver-1.9.7.jar;C:\Users\Alaa\.m2\repository\org\springframework\boot\spring-boot-starter-jdbc\2.6.10\spring-boot-starter-jdbc-2.6.10.jar;C:\Users\Alaa\.m2\repository\com\zaxxer\HikariCP\4.0.3\HikariCP-4.0.3.jar;C:\Users\Alaa\.m2\repository\org\springframework\spring-jdbc\5.3.22\spring-jdbc-5.3.22.jar;C:\Users\Alaa\.m2\repository\jakarta\transaction\jakarta.transaction-api\1.3.3\jakarta.transaction-api-1.3.3.jar;C:\Users\Alaa\.m2\repository\jakarta\persistence\jakarta.persistence-api\2.2.3\jakarta.persistence-api-2.2.3.jar;C:\Users\Alaa\.m2\repository\org\hibernate\hibernate-core\5.6.10.Final\hibernate-core-5.6.10.Final.jar;C:\Users\Alaa\.m2\repository\org\jboss\logging\jboss-logging\3.4.3.Final\jboss-logging-3.4.3.Final.jar;C:\Users\Alaa\.m2\repository\net\bytebuddy\byte-buddy\1.11.22\byte-buddy-1.11.22.jar;C:\Users\Alaa\.m2\repository\antlr\antlr\2.7.7\antlr-2.7.7.jar;C:\Users\Alaa\.m2\repository\org\jboss\jandex\2.4.2.Final\jandex-2.4.2.Final.jar;C:\Users\Alaa\.m2\repository\com\fasterxml\classmate\1.5.1\classmate-1.5.1.jar;C:\Users\Alaa\.m2\repository\org\hibernate\common\hibernate-commons-annotations\5.1.2.Final\hibernate-commons-annotations-5.1.2.Final.jar;C:\Users\Alaa\.m2\repository\org\glassfish\jaxb\jaxb-runtime\2.3.6\jaxb-runtime-2.3.6.jar;C:\Users\Alaa\.m2\repository\org\glassfish\jaxb\txw2\2.3.6\txw2-2.3.6.jar;C:\Users\Alaa\.m2\repository\com\sun\istack\istack-commons-runtime\3.0.12\istack-commons-runtime-3.0.12.jar;C:\Users\Alaa\.m2\repository\com\sun\activation\jakarta.activation\1.2.2\jakarta.activation-1.2.2.jar;C:\Users\Alaa\.m2\repository\org\springframework\data\spring-data-jpa\2.6.6\spring-data-jpa-2.6.6.jar;C:\Users\Alaa\.m2\repository\org\springframework\data\spring-data-commons\2.6.6\spring-data-commons-2.6.6.jar;C:\Users\Alaa\.m2\repository\org\springframework\spring-orm\5.3.22\spring-orm-5.3.22.jar;C:\Users\Alaa\.m2\repository\org\springframework\spring-context\5.3.22\spring-context-5.3.22.jar;C:\Users\Alaa\.m2\repository\org\springframework\spring-tx\5.3.22\spring-tx-5.3.22.jar;C:\Users\Alaa\.m2\repository\org\springframework\spring-beans\5.3.22\spring-beans-5.3.22.jar;C:\Users\Alaa\.m2\repository\org\slf4j\slf4j-api\1.7.36\slf4j-api-1.7.36.jar;C:\Users\Alaa\.m2\repository\org\springframework\spring-aspects\5.3.22\spring-aspects-5.3.22.jar;C:\Users\Alaa\.m2\repository\org\springframework\boot\spring-boot-starter-web\2.6.10\spring-boot-starter-web-2.6.10.jar;C:\Users\Alaa\.m2\repository\org\springframework\boot\spring-boot-starter\2.6.10\spring-boot-starter-2.6.10.jar;C:\Users\Alaa\.m2\repository\org\springframework\boot\spring-boot-starter-logging\2.6.10\spring-boot-starter-logging-2.6.10.jar;C:\Users\Alaa\.m2\repository\ch\qos\logback\logback-classic\1.2.11\logback-classic-1.2.11.jar;C:\Users\Alaa\.m2\repository\ch\qos\logback\logback-core\1.2.11\logback-core-1.2.11.jar;C:\Users\Alaa\.m2\repository\org\apache\logging\log4j\log4j-to-slf4j\2.17.2\log4j-to-slf4j-2.17.2.jar;C:\Users\Alaa\.m2\repository\org\apache\logging\log4j\log4j-api\2.17.2\log4j-api-2.17.2.jar;C:\Users\Alaa\.m2\repository\org\slf4j\jul-to-slf4j\1.7.36\jul-to-slf4j-1.7.36.jar;C:\Users\Alaa\.m2\repository\jakarta\annotation\jakarta.annotation-api\1.3.5\jakarta.annotation-api-1.3.5.jar;C:\Users\Alaa\.m2\repository\org\yaml\snakeyaml\1.29\snakeyaml-1.29.jar;C:\Users\Alaa\.m2\repository\org\springframework\boot\spring-boot-starter-json\2.6.10\spring-boot-starter-json-2.6.10.jar;C:\Users\Alaa\.m2\repository\com\fasterxml\jackson\core\jackson-databind\2.13.3\jackson-databind-2.13.3.jar;C:\Users\Alaa\.m2\repository\com\fasterxml\jackson\core\jackson-annotations\2.13.3\jackson-annotations-2.13.3.jar;C:\Users\Alaa\.m2\repository\com\fasterxml\jackson\core\jackson-core\2.13.3\jackson-core-2.13.3.jar;C:\Users\Alaa\.m2\repository\com\fasterxml\jackson\datatype\jackson-datatype-jdk8\2.13.3\jackson-datatype-jdk8-2.13.3.jar;C:\Users\Alaa\.m2\repository\com\fasterxml\jackson\datatype\jackson-datatype-jsr310\2.13.3\jackson-datatype-jsr310-2.13.3.jar;C:\Users\Alaa\.m2\repository\com\fasterxml\jackson\module\jackson-module-parameter-names\2.13.3\jackson-module-parameter-names-2.13.3.jar;C:\Users\Alaa\.m2\repository\org\springframework\boot\spring-boot-starter-tomcat\2.6.10\spring-boot-starter-tomcat-2.6.10.jar;C:\Users\Alaa\.m2\repository\org\apache\tomcat\embed\tomcat-embed-core\9.0.65\tomcat-embed-core-9.0.65.jar;C:\Users\Alaa\.m2\repository\org\apache\tomcat\embed\tomcat-embed-el\9.0.65\tomcat-embed-el-9.0.65.jar;C:\Users\Alaa\.m2\repository\org\apache\tomcat\embed\tomcat-embed-websocket\9.0.65\tomcat-embed-websocket-9.0.65.jar;C:\Users\Alaa\.m2\repository\org\springframework\spring-web\5.3.22\spring-web-5.3.22.jar;C:\Users\Alaa\.m2\repository\org\springframework\spring-webmvc\5.3.22\spring-webmvc-5.3.22.jar;C:\Users\Alaa\.m2\repository\org\springframework\spring-expression\5.3.22\spring-expression-5.3.22.jar;C:\Users\Alaa\.m2\repository\org\flowable\flowable-spring-boot-starter\6.4.1\flowable-spring-boot-starter-6.4.1.jar;C:\Users\Alaa\.m2\repository\org\flowable\flowable-spring-boot-autoconfigure\6.4.1\flowable-spring-boot-autoconfigure-6.4.1.jar;C:\Users\Alaa\.m2\repository\org\flowable\flowable-spring-security\6.4.1\flowable-spring-security-6.4.1.jar;C:\Users\Alaa\.m2\repository\org\flowable\flowable-engine-common-api\6.4.1\flowable-engine-common-api-6.4.1.jar;C:\Users\Alaa\.m2\repository\org\flowable\flowable-idm-api\6.4.1\flowable-idm-api-6.4.1.jar;C:\Users\Alaa\.m2\repository\org\flowable\flowable-spring-boot-starter-app\6.4.1\flowable-spring-boot-starter-app-6.4.1.jar;C:\Users\Alaa\.m2\repository\org\flowable\flowable-app-engine\6.4.1\flowable-app-engine-6.4.1.jar;C:\Users\Alaa\.m2\repository\org\flowable\flowable-app-engine-api\6.4.1\flowable-app-engine-api-6.4.1.jar;C:\Users\Alaa\.m2\repository\org\flowable\flowable-idm-engine\6.4.1\flowable-idm-engine-6.4.1.jar;C:\Users\Alaa\.m2\repository\commons-codec\commons-codec\1.15\commons-codec-1.15.jar;C:\Users\Alaa\.m2\repository\org\flowable\flowable-variable-service\6.4.1\flowable-variable-service-6.4.1.jar;C:\Users\Alaa\.m2\repository\org\flowable\flowable-identitylink-service\6.4.1\flowable-identitylink-service-6.4.1.jar;C:\Users\Alaa\.m2\repository\org\flowable\flowable-identitylink-service-api\6.4.1\flowable-identitylink-service-api-6.4.1.jar;C:\Users\Alaa\.m2\repository\org\liquibase\liquibase-core\4.5.0\liquibase-core-4.5.0.jar;C:\Users\Alaa\.m2\repository\javax\xml\bind\jaxb-api\2.3.1\jaxb-api-2.3.1.jar;C:\Users\Alaa\.m2\repository\javax\activation\javax.activation-api\1.2.0\javax.activation-api-1.2.0.jar;C:\Users\Alaa\.m2\repository\com\fasterxml\uuid\java-uuid-generator\3.1.5\java-uuid-generator-3.1.5.jar;C:\Users\Alaa\.m2\repository\org\apache\commons\commons-lang3\3.12.0\commons-lang3-3.12.0.jar;C:\Users\Alaa\.m2\repository\org\flowable\flowable-dmn-api\6.4.1\flowable-dmn-api-6.4.1.jar;C:\Users\Alaa\.m2\repository\org\flowable\flowable-app-engine-spring\6.4.1\flowable-app-engine-spring-6.4.1.jar;C:\Users\Alaa\.m2\repository\org\slf4j\jcl-over-slf4j\1.7.36\jcl-over-slf4j-1.7.36.jar;C:\Users\Alaa\.m2\repository\org\flowable\flowable-spring-boot-starter-process\6.4.1\flowable-spring-boot-starter-process-6.4.1.jar;C:\Users\Alaa\.m2\repository\org\flowable\flowable-engine\6.4.1\flowable-engine-6.4.1.jar;C:\Users\Alaa\.m2\repository\org\flowable\flowable-bpmn-converter\6.4.1\flowable-bpmn-converter-6.4.1.jar;C:\Users\Alaa\.m2\repository\org\flowable\flowable-bpmn-model\6.4.1\flowable-bpmn-model-6.4.1.jar;C:\Users\Alaa\.m2\repository\org\flowable\flowable-process-validation\6.4.1\flowable-process-validation-6.4.1.jar;C:\Users\Alaa\.m2\repository\org\flowable\flowable-image-generator\6.4.1\flowable-image-generator-6.4.1.jar;C:\Users\Alaa\.m2\repository\org\flowable\flowable-entitylink-service\6.4.1\flowable-entitylink-service-6.4.1.jar;C:\Users\Alaa\.m2\repository\org\flowable\flowable-entitylink-service-api\6.4.1\flowable-entitylink-service-api-6.4.1.jar;C:\Users\Alaa\.m2\repository\org\flowable\flowable-task-service\6.4.1\flowable-task-service-6.4.1.jar;C:\Users\Alaa\.m2\repository\org\flowable\flowable-task-service-api\6.4.1\flowable-task-service-api-6.4.1.jar;C:\Users\Alaa\.m2\repository\org\flowable\flowable-job-service\6.4.1\flowable-job-service-6.4.1.jar;C:\Users\Alaa\.m2\repository\org\flowable\flowable-job-service-api\6.4.1\flowable-job-service-api-6.4.1.jar;C:\Users\Alaa\.m2\repository\org\flowable\flowable-cmmn-api\6.4.1\flowable-cmmn-api-6.4.1.jar;C:\Users\Alaa\.m2\repository\org\flowable\flowable-cmmn-model\6.4.1\flowable-cmmn-model-6.4.1.jar;C:\Users\Alaa\.m2\repository\org\flowable\flowable-form-model\6.4.1\flowable-form-model-6.4.1.jar;C:\Users\Alaa\.m2\repository\org\flowable\flowable-form-api\6.4.1\flowable-form-api-6.4.1.jar;C:\Users\Alaa\.m2\repository\org\flowable\flowable-content-api\6.4.1\flowable-content-api-6.4.1.jar;C:\Users\Alaa\.m2\repository\org\apache\commons\commons-email\1.5\commons-email-1.5.jar;C:\Users\Alaa\.m2\repository\com\sun\mail\javax.mail\1.5.6\javax.mail-1.5.6.jar;C:\Users\Alaa\.m2\repository\javax\activation\activation\1.1\activation-1.1.jar;C:\Users\Alaa\.m2\repository\org\mybatis\mybatis\3.4.6\mybatis-3.4.6.jar;C:\Users\Alaa\.m2\repository\joda-time\joda-time\2.10.1\joda-time-2.10.1.jar;C:\Users\Alaa\.m2\repository\org\flowable\flowable-spring\6.4.1\flowable-spring-6.4.1.jar;C:\Users\Alaa\.m2\repository\org\flowable\flowable-job-spring-service\6.4.1\flowable-job-spring-service-6.4.1.jar;C:\Users\Alaa\.m2\repository\org\flowable\flowable-spring-boot-starter-cmmn\6.4.1\flowable-spring-boot-starter-cmmn-6.4.1.jar;C:\Users\Alaa\.m2\repository\org\flowable\flowable-cmmn-engine\6.4.1\flowable-cmmn-engine-6.4.1.jar;C:\Users\Alaa\.m2\repository\org\flowable\flowable-cmmn-image-generator\6.4.1\flowable-cmmn-image-generator-6.4.1.jar;C:\Users\Alaa\.m2\repository\org\flowable\flowable-cmmn-converter\6.4.1\flowable-cmmn-converter-6.4.1.jar;C:\Users\Alaa\.m2\repository\org\flowable\flowable-cmmn-spring\6.4.1\flowable-cmmn-spring-6.4.1.jar;C:\Users\Alaa\.m2\repository\org\flowable\flowable-spring-boot-starter-dmn\6.4.1\flowable-spring-boot-starter-dmn-6.4.1.jar;C:\Users\Alaa\.m2\repository\org\flowable\flowable-dmn-engine\6.4.1\flowable-dmn-engine-6.4.1.jar;C:\Users\Alaa\.m2\repository\org\flowable\flowable-dmn-model\6.4.1\flowable-dmn-model-6.4.1.jar;C:\Users\Alaa\.m2\repository\org\flowable\flowable-dmn-xml-converter\6.4.1\flowable-dmn-xml-converter-6.4.1.jar;C:\Users\Alaa\.m2\repository\commons-io\commons-io\2.6\commons-io-2.6.jar;C:\Users\Alaa\.m2\repository\commons-logging\commons-logging\1.2\commons-logging-1.2.jar;C:\Users\Alaa\.m2\repository\org\flowable\flowable-dmn-spring\6.4.1\flowable-dmn-spring-6.4.1.jar;C:\Users\Alaa\.m2\repository\org\flowable\flowable-spring-configurator\6.4.1\flowable-spring-configurator-6.4.1.jar;C:\Users\Alaa\.m2\repository\org\flowable\flowable-engine-configurator\6.4.1\flowable-engine-configurator-6.4.1.jar;C:\Users\Alaa\.m2\repository\org\flowable\flowable-cmmn-spring-configurator\6.4.1\flowable-cmmn-spring-configurator-6.4.1.jar;C:\Users\Alaa\.m2\repository\org\flowable\flowable-cmmn-engine-configurator\6.4.1\flowable-cmmn-engine-configurator-6.4.1.jar;C:\Users\Alaa\.m2\repository\org\flowable\flowable-dmn-spring-configurator\6.4.1\flowable-dmn-spring-configurator-6.4.1.jar;C:\Users\Alaa\.m2\repository\org\flowable\flowable-dmn-engine-configurator\6.4.1\flowable-dmn-engine-configurator-6.4.1.jar;C:\Users\Alaa\.m2\repository\org\flowable\flowable-form-spring-configurator\6.4.1\flowable-form-spring-configurator-6.4.1.jar;C:\Users\Alaa\.m2\repository\org\flowable\flowable-form-spring\6.4.1\flowable-form-spring-6.4.1.jar;C:\Users\Alaa\.m2\repository\org\flowable\flowable-form-engine\6.4.1\flowable-form-engine-6.4.1.jar;C:\Users\Alaa\.m2\repository\org\flowable\flowable-form-json-converter\6.4.1\flowable-form-json-converter-6.4.1.jar;C:\Users\Alaa\.m2\repository\org\flowable\flowable-form-engine-configurator\6.4.1\flowable-form-engine-configurator-6.4.1.jar;C:\Users\Alaa\.m2\repository\org\flowable\flowable-content-spring-configurator\6.4.1\flowable-content-spring-configurator-6.4.1.jar;C:\Users\Alaa\.m2\repository\org\flowable\flowable-content-spring\6.4.1\flowable-content-spring-6.4.1.jar;C:\Users\Alaa\.m2\repository\org\flowable\flowable-content-engine\6.4.1\flowable-content-engine-6.4.1.jar;C:\Users\Alaa\.m2\repository\org\flowable\flowable-content-engine-configurator\6.4.1\flowable-content-engine-configurator-6.4.1.jar;C:\Users\Alaa\.m2\repository\org\flowable\flowable-idm-spring-configurator\6.4.1\flowable-idm-spring-configurator-6.4.1.jar;C:\Users\Alaa\.m2\repository\org\flowable\flowable-engine-common\6.4.1\flowable-engine-common-6.4.1.jar;C:\Users\Alaa\.m2\repository\org\flowable\flowable-variable-service-api\6.4.1\flowable-variable-service-api-6.4.1.jar;C:\Users\Alaa\.m2\repository\org\flowable\flowable-spring-common\6.4.1\flowable-spring-common-6.4.1.jar;C:\Users\Alaa\.m2\repository\org\flowable\flowable-idm-spring\6.4.1\flowable-idm-spring-6.4.1.jar;C:\Users\Alaa\.m2\repository\org\flowable\flowable-idm-engine-configurator\6.4.1\flowable-idm-engine-configurator-6.4.1.jar;C:\Users\Alaa\.m2\repository\org\springframework\boot\spring-boot-devtools\2.6.10\spring-boot-devtools-2.6.10.jar;C:\Users\Alaa\.m2\repository\org\springframework\boot\spring-boot\2.6.10\spring-boot-2.6.10.jar;C:\Users\Alaa\.m2\repository\org\springframework\boot\spring-boot-autoconfigure\2.6.10\spring-boot-autoconfigure-2.6.10.jar;C:\Users\Alaa\.m2\repository\mysql\mysql-connector-java\8.0.29\mysql-connector-java-8.0.29.jar;C:\Users\Alaa\.m2\repository\org\projectlombok\lombok\1.18.24\lombok-1.18.24.jar;C:\Users\Alaa\.m2\repository\org\springframework\boot\spring-boot-starter-test\2.6.10\spring-boot-starter-test-2.6.10.jar;C:\Users\Alaa\.m2\repository\org\springframework\boot\spring-boot-test\2.6.10\spring-boot-test-2.6.10.jar;C:\Users\Alaa\.m2\repository\org\springframework\boot\spring-boot-test-autoconfigure\2.6.10\spring-boot-test-autoconfigure-2.6.10.jar;C:\Users\Alaa\.m2\repository\com\jayway\jsonpath\json-path\2.6.0\json-path-2.6.0.jar;C:\Users\Alaa\.m2\repository\net\minidev\json-smart\2.4.8\json-smart-2.4.8.jar;C:\Users\Alaa\.m2\repository\net\minidev\accessors-smart\2.4.8\accessors-smart-2.4.8.jar;C:\Users\Alaa\.m2\repository\org\ow2\asm\asm\9.1\asm-9.1.jar;C:\Users\Alaa\.m2\repository\jakarta\xml\bind\jakarta.xml.bind-api\2.3.3\jakarta.xml.bind-api-2.3.3.jar;C:\Users\Alaa\.m2\repository\jakarta\activation\jakarta.activation-api\1.2.2\jakarta.activation-api-1.2.2.jar;C:\Users\Alaa\.m2\repository\org\assertj\assertj-core\3.21.0\assertj-core-3.21.0.jar;C:\Users\Alaa\.m2\repository\org\hamcrest\hamcrest\2.2\hamcrest-2.2.jar;C:\Users\Alaa\.m2\repository\org\junit\jupiter\junit-jupiter\5.8.2\junit-jupiter-5.8.2.jar;C:\Users\Alaa\.m2\repository\org\junit\jupiter\junit-jupiter-api\5.8.2\junit-jupiter-api-5.8.2.jar;C:\Users\Alaa\.m2\repository\org\opentest4j\opentest4j\1.2.0\opentest4j-1.2.0.jar;C:\Users\Alaa\.m2\repository\org\junit\platform\junit-platform-commons\1.8.2\junit-platform-commons-1.8.2.jar;C:\Users\Alaa\.m2\repository\org\apiguardian\apiguardian-api\1.1.2\apiguardian-api-1.1.2.jar;C:\Users\Alaa\.m2\repository\org\junit\jupiter\junit-jupiter-params\5.8.2\junit-jupiter-params-5.8.2.jar;C:\Users\Alaa\.m2\repository\org\junit\jupiter\junit-jupiter-engine\5.8.2\junit-jupiter-engine-5.8.2.jar;C:\Users\Alaa\.m2\repository\org\junit\platform\junit-platform-engine\1.8.2\junit-platform-engine-1.8.2.jar;C:\Users\Alaa\.m2\repository\org\mockito\mockito-core\4.0.0\mockito-core-4.0.0.jar;C:\Users\Alaa\.m2\repository\net\bytebuddy\byte-buddy-agent\1.11.22\byte-buddy-agent-1.11.22.jar;C:\Users\Alaa\.m2\repository\org\objenesis\objenesis\3.2\objenesis-3.2.jar;C:\Users\Alaa\.m2\repository\org\mockito\mockito-junit-jupiter\4.0.0\mockito-junit-jupiter-4.0.0.jar;C:\Users\Alaa\.m2\repository\org\skyscreamer\jsonassert\1.5.1\jsonassert-1.5.1.jar;C:\Users\Alaa\.m2\repository\com\vaadin\external\google\android-json\0.0.20131108.vaadin1\android-json-0.0.20131108.vaadin1.jar;C:\Users\Alaa\.m2\repository\org\springframework\spring-core\5.3.22\spring-core-5.3.22.jar;C:\Users\Alaa\.m2\repository\org\springframework\spring-jcl\5.3.22\spring-jcl-5.3.22.jar;C:\Users\Alaa\.m2\repository\org\springframework\spring-test\5.3.22\spring-test-5.3.22.jar;C:\Users\Alaa\.m2\repository\org\xmlunit\xmlunit-core\2.8.4\xmlunit-core-2.8.4.jar;"/>
    <property name="java.vm.vendor" value="Eclipse Adoptium"/>
    <property name="sun.arch.data.model" value="64"/>
    <property name="user.variant" value=""/>
    <property name="java.vendor.url" value="https://adoptium.net/"/>
    <property name="user.timezone" value="Africa/Casablanca"/>
    <property name="os.name" value="Windows 11"/>
    <property name="java.vm.specification.version" value="17"/>
    <property name="sun.java.launcher" value="SUN_STANDARD"/>
    <property name="user.country" value="GB"/>
    <property name="sun.boot.library.path" value="C:\Users\Alaa\.p2\pool\plugins\org.eclipse.justj.openjdk.hotspot.jre.full.win32.x86_64_17.0.3.v20220515-1416\jre\bin"/>
    <property name="sun.java.command" value="C:\Users\Alaa\AppData\Local\Temp\surefire7371284713607575552\surefirebooter9278889963662654431.jar C:\Users\Alaa\AppData\Local\Temp\surefire7371284713607575552 2022-08-02T15-48-27_292-jvmRun1 surefire1414547502670644698tmp surefire_015282986072335787623tmp"/>
    <property name="jdk.debug" value="release"/>
    <property name="surefire.test.class.path" value="C:\Users\Alaa\eclipse-workspace\flowTwoDB\target\test-classes;C:\Users\Alaa\eclipse-workspace\flowTwoDB\target\classes;C:\Users\Alaa\.m2\repository\org\springframework\boot\spring-boot-starter-data-jpa\2.6.10\spring-boot-starter-data-jpa-2.6.10.jar;C:\Users\Alaa\.m2\repository\org\springframework\boot\spring-boot-starter-aop\2.6.10\spring-boot-starter-aop-2.6.10.jar;C:\Users\Alaa\.m2\repository\org\springframework\spring-aop\5.3.22\spring-aop-5.3.22.jar;C:\Users\Alaa\.m2\repository\org\aspectj\aspectjweaver\1.9.7\aspectjweaver-1.9.7.jar;C:\Users\Alaa\.m2\repository\org\springframework\boot\spring-boot-starter-jdbc\2.6.10\spring-boot-starter-jdbc-2.6.10.jar;C:\Users\Alaa\.m2\repository\com\zaxxer\HikariCP\4.0.3\HikariCP-4.0.3.jar;C:\Users\Alaa\.m2\repository\org\springframework\spring-jdbc\5.3.22\spring-jdbc-5.3.22.jar;C:\Users\Alaa\.m2\repository\jakarta\transaction\jakarta.transaction-api\1.3.3\jakarta.transaction-api-1.3.3.jar;C:\Users\Alaa\.m2\repository\jakarta\persistence\jakarta.persistence-api\2.2.3\jakarta.persistence-api-2.2.3.jar;C:\Users\Alaa\.m2\repository\org\hibernate\hibernate-core\5.6.10.Final\hibernate-core-5.6.10.Final.jar;C:\Users\Alaa\.m2\repository\org\jboss\logging\jboss-logging\3.4.3.Final\jboss-logging-3.4.3.Final.jar;C:\Users\Alaa\.m2\repository\net\bytebuddy\byte-buddy\1.11.22\byte-buddy-1.11.22.jar;C:\Users\Alaa\.m2\repository\antlr\antlr\2.7.7\antlr-2.7.7.jar;C:\Users\Alaa\.m2\repository\org\jboss\jandex\2.4.2.Final\jandex-2.4.2.Final.jar;C:\Users\Alaa\.m2\repository\com\fasterxml\classmate\1.5.1\classmate-1.5.1.jar;C:\Users\Alaa\.m2\repository\org\hibernate\common\hibernate-commons-annotations\5.1.2.Final\hibernate-commons-annotations-5.1.2.Final.jar;C:\Users\Alaa\.m2\repository\org\glassfish\jaxb\jaxb-runtime\2.3.6\jaxb-runtime-2.3.6.jar;C:\Users\Alaa\.m2\repository\org\glassfish\jaxb\txw2\2.3.6\txw2-2.3.6.jar;C:\Users\Alaa\.m2\repository\com\sun\istack\istack-commons-runtime\3.0.12\istack-commons-runtime-3.0.12.jar;C:\Users\Alaa\.m2\repository\com\sun\activation\jakarta.activation\1.2.2\jakarta.activation-1.2.2.jar;C:\Users\Alaa\.m2\repository\org\springframework\data\spring-data-jpa\2.6.6\spring-data-jpa-2.6.6.jar;C:\Users\Alaa\.m2\repository\org\springframework\data\spring-data-commons\2.6.6\spring-data-commons-2.6.6.jar;C:\Users\Alaa\.m2\repository\org\springframework\spring-orm\5.3.22\spring-orm-5.3.22.jar;C:\Users\Alaa\.m2\repository\org\springframework\spring-context\5.3.22\spring-context-5.3.22.jar;C:\Users\Alaa\.m2\repository\org\springframework\spring-tx\5.3.22\spring-tx-5.3.22.jar;C:\Users\Alaa\.m2\repository\org\springframework\spring-beans\5.3.22\spring-beans-5.3.22.jar;C:\Users\Alaa\.m2\repository\org\slf4j\slf4j-api\1.7.36\slf4j-api-1.7.36.jar;C:\Users\Alaa\.m2\repository\org\springframework\spring-aspects\5.3.22\spring-aspects-5.3.22.jar;C:\Users\Alaa\.m2\repository\org\springframework\boot\spring-boot-starter-web\2.6.10\spring-boot-starter-web-2.6.10.jar;C:\Users\Alaa\.m2\repository\org\springframework\boot\spring-boot-starter\2.6.10\spring-boot-starter-2.6.10.jar;C:\Users\Alaa\.m2\repository\org\springframework\boot\spring-boot-starter-logging\2.6.10\spring-boot-starter-logging-2.6.10.jar;C:\Users\Alaa\.m2\repository\ch\qos\logback\logback-classic\1.2.11\logback-classic-1.2.11.jar;C:\Users\Alaa\.m2\repository\ch\qos\logback\logback-core\1.2.11\logback-core-1.2.11.jar;C:\Users\Alaa\.m2\repository\org\apache\logging\log4j\log4j-to-slf4j\2.17.2\log4j-to-slf4j-2.17.2.jar;C:\Users\Alaa\.m2\repository\org\apache\logging\log4j\log4j-api\2.17.2\log4j-api-2.17.2.jar;C:\Users\Alaa\.m2\repository\org\slf4j\jul-to-slf4j\1.7.36\jul-to-slf4j-1.7.36.jar;C:\Users\Alaa\.m2\repository\jakarta\annotation\jakarta.annotation-api\1.3.5\jakarta.annotation-api-1.3.5.jar;C:\Users\Alaa\.m2\repository\org\yaml\snakeyaml\1.29\snakeyaml-1.29.jar;C:\Users\Alaa\.m2\repository\org\springframework\boot\spring-boot-starter-json\2.6.10\spring-boot-starter-json-2.6.10.jar;C:\Users\Alaa\.m2\repository\com\fasterxml\jackson\core\jackson-databind\2.13.3\jackson-databind-2.13.3.jar;C:\Users\Alaa\.m2\repository\com\fasterxml\jackson\core\jackson-annotations\2.13.3\jackson-annotations-2.13.3.jar;C:\Users\Alaa\.m2\repository\com\fasterxml\jackson\core\jackson-core\2.13.3\jackson-core-2.13.3.jar;C:\Users\Alaa\.m2\repository\com\fasterxml\jackson\datatype\jackson-datatype-jdk8\2.13.3\jackson-datatype-jdk8-2.13.3.jar;C:\Users\Alaa\.m2\repository\com\fasterxml\jackson\datatype\jackson-datatype-jsr310\2.13.3\jackson-datatype-jsr310-2.13.3.jar;C:\Users\Alaa\.m2\repository\com\fasterxml\jackson\module\jackson-module-parameter-names\2.13.3\jackson-module-parameter-names-2.13.3.jar;C:\Users\Alaa\.m2\repository\org\springframework\boot\spring-boot-starter-tomcat\2.6.10\spring-boot-starter-tomcat-2.6.10.jar;C:\Users\Alaa\.m2\repository\org\apache\tomcat\embed\tomcat-embed-core\9.0.65\tomcat-embed-core-9.0.65.jar;C:\Users\Alaa\.m2\repository\org\apache\tomcat\embed\tomcat-embed-el\9.0.65\tomcat-embed-el-9.0.65.jar;C:\Users\Alaa\.m2\repository\org\apache\tomcat\embed\tomcat-embed-websocket\9.0.65\tomcat-embed-websocket-9.0.65.jar;C:\Users\Alaa\.m2\repository\org\springframework\spring-web\5.3.22\spring-web-5.3.22.jar;C:\Users\Alaa\.m2\repository\org\springframework\spring-webmvc\5.3.22\spring-webmvc-5.3.22.jar;C:\Users\Alaa\.m2\repository\org\springframework\spring-expression\5.3.22\spring-expression-5.3.22.jar;C:\Users\Alaa\.m2\repository\org\flowable\flowable-spring-boot-starter\6.4.1\flowable-spring-boot-starter-6.4.1.jar;C:\Users\Alaa\.m2\repository\org\flowable\flowable-spring-boot-autoconfigure\6.4.1\flowable-spring-boot-autoconfigure-6.4.1.jar;C:\Users\Alaa\.m2\repository\org\flowable\flowable-spring-security\6.4.1\flowable-spring-security-6.4.1.jar;C:\Users\Alaa\.m2\repository\org\flowable\flowable-engine-common-api\6.4.1\flowable-engine-common-api-6.4.1.jar;C:\Users\Alaa\.m2\repository\org\flowable\flowable-idm-api\6.4.1\flowable-idm-api-6.4.1.jar;C:\Users\Alaa\.m2\repository\org\flowable\flowable-spring-boot-starter-app\6.4.1\flowable-spring-boot-starter-app-6.4.1.jar;C:\Users\Alaa\.m2\repository\org\flowable\flowable-app-engine\6.4.1\flowable-app-engine-6.4.1.jar;C:\Users\Alaa\.m2\repository\org\flowable\flowable-app-engine-api\6.4.1\flowable-app-engine-api-6.4.1.jar;C:\Users\Alaa\.m2\repository\org\flowable\flowable-idm-engine\6.4.1\flowable-idm-engine-6.4.1.jar;C:\Users\Alaa\.m2\repository\commons-codec\commons-codec\1.15\commons-codec-1.15.jar;C:\Users\Alaa\.m2\repository\org\flowable\flowable-variable-service\6.4.1\flowable-variable-service-6.4.1.jar;C:\Users\Alaa\.m2\repository\org\flowable\flowable-identitylink-service\6.4.1\flowable-identitylink-service-6.4.1.jar;C:\Users\Alaa\.m2\repository\org\flowable\flowable-identitylink-service-api\6.4.1\flowable-identitylink-service-api-6.4.1.jar;C:\Users\Alaa\.m2\repository\org\liquibase\liquibase-core\4.5.0\liquibase-core-4.5.0.jar;C:\Users\Alaa\.m2\repository\javax\xml\bind\jaxb-api\2.3.1\jaxb-api-2.3.1.jar;C:\Users\Alaa\.m2\repository\javax\activation\javax.activation-api\1.2.0\javax.activation-api-1.2.0.jar;C:\Users\Alaa\.m2\repository\com\fasterxml\uuid\java-uuid-generator\3.1.5\java-uuid-generator-3.1.5.jar;C:\Users\Alaa\.m2\repository\org\apache\commons\commons-lang3\3.12.0\commons-lang3-3.12.0.jar;C:\Users\Alaa\.m2\repository\org\flowable\flowable-dmn-api\6.4.1\flowable-dmn-api-6.4.1.jar;C:\Users\Alaa\.m2\repository\org\flowable\flowable-app-engine-spring\6.4.1\flowable-app-engine-spring-6.4.1.jar;C:\Users\Alaa\.m2\repository\org\slf4j\jcl-over-slf4j\1.7.36\jcl-over-slf4j-1.7.36.jar;C:\Users\Alaa\.m2\repository\org\flowable\flowable-spring-boot-starter-process\6.4.1\flowable-spring-boot-starter-process-6.4.1.jar;C:\Users\Alaa\.m2\repository\org\flowable\flowable-engine\6.4.1\flowable-engine-6.4.1.jar;C:\Users\Alaa\.m2\repository\org\flowable\flowable-bpmn-converter\6.4.1\flowable-bpmn-converter-6.4.1.jar;C:\Users\Alaa\.m2\repository\org\flowable\flowable-bpmn-model\6.4.1\flowable-bpmn-model-6.4.1.jar;C:\Users\Alaa\.m2\repository\org\flowable\flowable-process-validation\6.4.1\flowable-process-validation-6.4.1.jar;C:\Users\Alaa\.m2\repository\org\flowable\flowable-image-generator\6.4.1\flowable-image-generator-6.4.1.jar;C:\Users\Alaa\.m2\repository\org\flowable\flowable-entitylink-service\6.4.1\flowable-entitylink-service-6.4.1.jar;C:\Users\Alaa\.m2\repository\org\flowable\flowable-entitylink-service-api\6.4.1\flowable-entitylink-service-api-6.4.1.jar;C:\Users\Alaa\.m2\repository\org\flowable\flowable-task-service\6.4.1\flowable-task-service-6.4.1.jar;C:\Users\Alaa\.m2\repository\org\flowable\flowable-task-service-api\6.4.1\flowable-task-service-api-6.4.1.jar;C:\Users\Alaa\.m2\repository\org\flowable\flowable-job-service\6.4.1\flowable-job-service-6.4.1.jar;C:\Users\Alaa\.m2\repository\org\flowable\flowable-job-service-api\6.4.1\flowable-job-service-api-6.4.1.jar;C:\Users\Alaa\.m2\repository\org\flowable\flowable-cmmn-api\6.4.1\flowable-cmmn-api-6.4.1.jar;C:\Users\Alaa\.m2\repository\org\flowable\flowable-cmmn-model\6.4.1\flowable-cmmn-model-6.4.1.jar;C:\Users\Alaa\.m2\repository\org\flowable\flowable-form-model\6.4.1\flowable-form-model-6.4.1.jar;C:\Users\Alaa\.m2\repository\org\flowable\flowable-form-api\6.4.1\flowable-form-api-6.4.1.jar;C:\Users\Alaa\.m2\repository\org\flowable\flowable-content-api\6.4.1\flowable-content-api-6.4.1.jar;C:\Users\Alaa\.m2\repository\org\apache\commons\commons-email\1.5\commons-email-1.5.jar;C:\Users\Alaa\.m2\repository\com\sun\mail\javax.mail\1.5.6\javax.mail-1.5.6.jar;C:\Users\Alaa\.m2\repository\javax\activation\activation\1.1\activation-1.1.jar;C:\Users\Alaa\.m2\repository\org\mybatis\mybatis\3.4.6\mybatis-3.4.6.jar;C:\Users\Alaa\.m2\repository\joda-time\joda-time\2.10.1\joda-time-2.10.1.jar;C:\Users\Alaa\.m2\repository\org\flowable\flowable-spring\6.4.1\flowable-spring-6.4.1.jar;C:\Users\Alaa\.m2\repository\org\flowable\flowable-job-spring-service\6.4.1\flowable-job-spring-service-6.4.1.jar;C:\Users\Alaa\.m2\repository\org\flowable\flowable-spring-boot-starter-cmmn\6.4.1\flowable-spring-boot-starter-cmmn-6.4.1.jar;C:\Users\Alaa\.m2\repository\org\flowable\flowable-cmmn-engine\6.4.1\flowable-cmmn-engine-6.4.1.jar;C:\Users\Alaa\.m2\repository\org\flowable\flowable-cmmn-image-generator\6.4.1\flowable-cmmn-image-generator-6.4.1.jar;C:\Users\Alaa\.m2\repository\org\flowable\flowable-cmmn-converter\6.4.1\flowable-cmmn-converter-6.4.1.jar;C:\Users\Alaa\.m2\repository\org\flowable\flowable-cmmn-spring\6.4.1\flowable-cmmn-spring-6.4.1.jar;C:\Users\Alaa\.m2\repository\org\flowable\flowable-spring-boot-starter-dmn\6.4.1\flowable-spring-boot-starter-dmn-6.4.1.jar;C:\Users\Alaa\.m2\repository\org\flowable\flowable-dmn-engine\6.4.1\flowable-dmn-engine-6.4.1.jar;C:\Users\Alaa\.m2\repository\org\flowable\flowable-dmn-model\6.4.1\flowable-dmn-model-6.4.1.jar;C:\Users\Alaa\.m2\repository\org\flowable\flowable-dmn-xml-converter\6.4.1\flowable-dmn-xml-converter-6.4.1.jar;C:\Users\Alaa\.m2\repository\commons-io\commons-io\2.6\commons-io-2.6.jar;C:\Users\Alaa\.m2\repository\commons-logging\commons-logging\1.2\commons-logging-1.2.jar;C:\Users\Alaa\.m2\repository\org\flowable\flowable-dmn-spring\6.4.1\flowable-dmn-spring-6.4.1.jar;C:\Users\Alaa\.m2\repository\org\flowable\flowable-spring-configurator\6.4.1\flowable-spring-configurator-6.4.1.jar;C:\Users\Alaa\.m2\repository\org\flowable\flowable-engine-configurator\6.4.1\flowable-engine-configurator-6.4.1.jar;C:\Users\Alaa\.m2\repository\org\flowable\flowable-cmmn-spring-configurator\6.4.1\flowable-cmmn-spring-configurator-6.4.1.jar;C:\Users\Alaa\.m2\repository\org\flowable\flowable-cmmn-engine-configurator\6.4.1\flowable-cmmn-engine-configurator-6.4.1.jar;C:\Users\Alaa\.m2\repository\org\flowable\flowable-dmn-spring-configurator\6.4.1\flowable-dmn-spring-configurator-6.4.1.jar;C:\Users\Alaa\.m2\repository\org\flowable\flowable-dmn-engine-configurator\6.4.1\flowable-dmn-engine-configurator-6.4.1.jar;C:\Users\Alaa\.m2\repository\org\flowable\flowable-form-spring-configurator\6.4.1\flowable-form-spring-configurator-6.4.1.jar;C:\Users\Alaa\.m2\repository\org\flowable\flowable-form-spring\6.4.1\flowable-form-spring-6.4.1.jar;C:\Users\Alaa\.m2\repository\org\flowable\flowable-form-engine\6.4.1\flowable-form-engine-6.4.1.jar;C:\Users\Alaa\.m2\repository\org\flowable\flowable-form-json-converter\6.4.1\flowable-form-json-converter-6.4.1.jar;C:\Users\Alaa\.m2\repository\org\flowable\flowable-form-engine-configurator\6.4.1\flowable-form-engine-configurator-6.4.1.jar;C:\Users\Alaa\.m2\repository\org\flowable\flowable-content-spring-configurator\6.4.1\flowable-content-spring-configurator-6.4.1.jar;C:\Users\Alaa\.m2\repository\org\flowable\flowable-content-spring\6.4.1\flowable-content-spring-6.4.1.jar;C:\Users\Alaa\.m2\repository\org\flowable\flowable-content-engine\6.4.1\flowable-content-engine-6.4.1.jar;C:\Users\Alaa\.m2\repository\org\flowable\flowable-content-engine-configurator\6.4.1\flowable-content-engine-configurator-6.4.1.jar;C:\Users\Alaa\.m2\repository\org\flowable\flowable-idm-spring-configurator\6.4.1\flowable-idm-spring-configurator-6.4.1.jar;C:\Users\Alaa\.m2\repository\org\flowable\flowable-engine-common\6.4.1\flowable-engine-common-6.4.1.jar;C:\Users\Alaa\.m2\repository\org\flowable\flowable-variable-service-api\6.4.1\flowable-variable-service-api-6.4.1.jar;C:\Users\Alaa\.m2\repository\org\flowable\flowable-spring-common\6.4.1\flowable-spring-common-6.4.1.jar;C:\Users\Alaa\.m2\repository\org\flowable\flowable-idm-spring\6.4.1\flowable-idm-spring-6.4.1.jar;C:\Users\Alaa\.m2\repository\org\flowable\flowable-idm-engine-configurator\6.4.1\flowable-idm-engine-configurator-6.4.1.jar;C:\Users\Alaa\.m2\repository\org\springframework\boot\spring-boot-devtools\2.6.10\spring-boot-devtools-2.6.10.jar;C:\Users\Alaa\.m2\repository\org\springframework\boot\spring-boot\2.6.10\spring-boot-2.6.10.jar;C:\Users\Alaa\.m2\repository\org\springframework\boot\spring-boot-autoconfigure\2.6.10\spring-boot-autoconfigure-2.6.10.jar;C:\Users\Alaa\.m2\repository\mysql\mysql-connector-java\8.0.29\mysql-connector-java-8.0.29.jar;C:\Users\Alaa\.m2\repository\org\projectlombok\lombok\1.18.24\lombok-1.18.24.jar;C:\Users\Alaa\.m2\repository\org\springframework\boot\spring-boot-starter-test\2.6.10\spring-boot-starter-test-2.6.10.jar;C:\Users\Alaa\.m2\repository\org\springframework\boot\spring-boot-test\2.6.10\spring-boot-test-2.6.10.jar;C:\Users\Alaa\.m2\repository\org\springframework\boot\spring-boot-test-autoconfigure\2.6.10\spring-boot-test-autoconfigure-2.6.10.jar;C:\Users\Alaa\.m2\repository\com\jayway\jsonpath\json-path\2.6.0\json-path-2.6.0.jar;C:\Users\Alaa\.m2\repository\net\minidev\json-smart\2.4.8\json-smart-2.4.8.jar;C:\Users\Alaa\.m2\repository\net\minidev\accessors-smart\2.4.8\accessors-smart-2.4.8.jar;C:\Users\Alaa\.m2\repository\org\ow2\asm\asm\9.1\asm-9.1.jar;C:\Users\Alaa\.m2\repository\jakarta\xml\bind\jakarta.xml.bind-api\2.3.3\jakarta.xml.bind-api-2.3.3.jar;C:\Users\Alaa\.m2\repository\jakarta\activation\jakarta.activation-api\1.2.2\jakarta.activation-api-1.2.2.jar;C:\Users\Alaa\.m2\repository\org\assertj\assertj-core\3.21.0\assertj-core-3.21.0.jar;C:\Users\Alaa\.m2\repository\org\hamcrest\hamcrest\2.2\hamcrest-2.2.jar;C:\Users\Alaa\.m2\repository\org\junit\jupiter\junit-jupiter\5.8.2\junit-jupiter-5.8.2.jar;C:\Users\Alaa\.m2\repository\org\junit\jupiter\junit-jupiter-api\5.8.2\junit-jupiter-api-5.8.2.jar;C:\Users\Alaa\.m2\repository\org\opentest4j\opentest4j\1.2.0\opentest4j-1.2.0.jar;C:\Users\Alaa\.m2\repository\org\junit\platform\junit-platform-commons\1.8.2\junit-platform-commons-1.8.2.jar;C:\Users\Alaa\.m2\repository\org\apiguardian\apiguardian-api\1.1.2\apiguardian-api-1.1.2.jar;C:\Users\Alaa\.m2\repository\org\junit\jupiter\junit-jupiter-params\5.8.2\junit-jupiter-params-5.8.2.jar;C:\Users\Alaa\.m2\repository\org\junit\jupiter\junit-jupiter-engine\5.8.2\junit-jupiter-engine-5.8.2.jar;C:\Users\Alaa\.m2\repository\org\junit\platform\junit-platform-engine\1.8.2\junit-platform-engine-1.8.2.jar;C:\Users\Alaa\.m2\repository\org\mockito\mockito-core\4.0.0\mockito-core-4.0.0.jar;C:\Users\Alaa\.m2\repository\net\bytebuddy\byte-buddy-agent\1.11.22\byte-buddy-agent-1.11.22.jar;C:\Users\Alaa\.m2\repository\org\objenesis\objenesis\3.2\objenesis-3.2.jar;C:\Users\Alaa\.m2\repository\org\mockito\mockito-junit-jupiter\4.0.0\mockito-junit-jupiter-4.0.0.jar;C:\Users\Alaa\.m2\repository\org\skyscreamer\jsonassert\1.5.1\jsonassert-1.5.1.jar;C:\Users\Alaa\.m2\repository\com\vaadin\external\google\android-json\0.0.20131108.vaadin1\android-json-0.0.20131108.vaadin1.jar;C:\Users\Alaa\.m2\repository\org\springframework\spring-core\5.3.22\spring-core-5.3.22.jar;C:\Users\Alaa\.m2\repository\org\springframework\spring-jcl\5.3.22\spring-jcl-5.3.22.jar;C:\Users\Alaa\.m2\repository\org\springframework\spring-test\5.3.22\spring-test-5.3.22.jar;C:\Users\Alaa\.m2\repository\org\xmlunit\xmlunit-core\2.8.4\xmlunit-core-2.8.4.jar;"/>
    <property name="sun.cpu.endian" value="little"/>
    <property name="user.home" value="C:\Users\Alaa"/>
    <property name="user.language" value="en"/>
    <property name="java.specification.vendor" value="Oracle Corporation"/>
    <property name="java.version.date" value="2022-04-19"/>
    <property name="java.home" value="C:\Users\Alaa\.p2\pool\plugins\org.eclipse.justj.openjdk.hotspot.jre.full.win32.x86_64_17.0.3.v20220515-1416\jre"/>
    <property name="file.separator" value="\"/>
    <property name="basedir" value="C:\Users\Alaa\eclipse-workspace\flowTwoDB"/>
    <property name="java.vm.compressedOopsMode" value="32-bit"/>
    <property name="line.separator" value="&#10;"/>
    <property name="java.vm.specification.vendor" value="Oracle Corporation"/>
    <property name="java.specification.name" value="Java Platform API Specification"/>
    <property name="surefire.real.class.path" value="C:\Users\Alaa\AppData\Local\Temp\surefire7371284713607575552\surefirebooter9278889963662654431.jar"/>
    <property name="user.script" value=""/>
    <property name="sun.management.compiler" value="HotSpot 64-Bit Tiered Compilers"/>
    <property name="java.runtime.version" value="17.0.3+7"/>
    <property name="user.name" value="Alaa"/>
    <property name="path.separator" value=";"/>
    <property name="os.version" value="10.0"/>
    <property name="java.runtime.name" value="OpenJDK Runtime Environment"/>
    <property name="file.encoding" value="Cp1252"/>
    <property name="java.vm.name" value="OpenJDK 64-Bit Server VM"/>
    <property name="java.vendor.version" value="Temurin-17.0.3+7"/>
    <property name="localRepository" value="C:\Users\Alaa\.m2\repository"/>
    <property name="java.vendor.url.bug" value="https://github.com/adoptium/adoptium-support/issues"/>
    <property name="java.io.tmpdir" value="C:\Users\Alaa\AppData\Local\Temp\"/>
    <property name="java.version" value="17.0.3"/>
    <property name="user.dir" value="C:\Users\Alaa\eclipse-workspace\flowTwoDB"/>
    <property name="os.arch" value="amd64"/>
    <property name="java.vm.specification.name" value="Java Virtual Machine Specification"/>
    <property name="sun.os.patch.level" value=""/>
    <property name="native.encoding" value="Cp1252"/>
    <property name="java.library.path" value="C:\Users\Alaa\.p2\pool\plugins\org.eclipse.justj.openjdk.hotspot.jre.full.win32.x86_64_17.0.3.v20220515-1416\jre\bin;C:\WINDOWS\Sun\Java\bin;C:\WINDOWS\system32;C:\WINDOWS;C:/Users/Alaa/.p2/pool/plugins/org.eclipse.justj.openjdk.hotspot.jre.full.win32.x86_64_17.0.3.v20220515-1416/jre/bin/server;C:/Users/Alaa/.p2/pool/plugins/org.eclipse.justj.openjdk.hotspot.jre.full.win32.x86_64_17.0.3.v20220515-1416/jre/bin;C:\Python310\Scripts\;C:\Python310\;C:\Program Files\AdoptOpenJDK\jdk-11.0.11.9-hotspot\bin;C:\oraclexe\app\oracle\product\10.2.0\server\bin;C:\Program Files (x86)\Common Files\Oracle\Java\javapath;C:\ProgramData\Oracle\Java\javapath;C:\windows\system32;C:\windows;C:\windows\System32\Wbem;C:\windows\System32\WindowsPowerShell\v1.0\;C:\windows\System32\OpenSSH\;C:\Program Files (x86)\NVIDIA Corporation\PhysX\Common;C:\Program Files\NVIDIA Corporation\NVIDIA NvDLISR;C:\Program Files\Microsoft SQL Server\110\Tools\Binn\;C:\Program Files\Java\jdk1.8.0_144\bin;C:\Program Files\Microsoft SQL Server\Client SDK\ODBC\170\Tools\Binn\;C:\Program Files (x86)\Microsoft SQL Server\150\Tools\Binn\;C:\Program Files\Microsoft SQL Server\150\Tools\Binn\;C:\Program Files\Microsoft SQL Server\150\DTS\Binn\;C:\Program Files\Microsoft SQL Server\130\Tools\Binn\;C:\Program Files\nodejs\;C:\Program Files\dotnet\;C:\Program Files (x86)\Microsoft SQL Server\150\DTS\Binn\;C:\Program Files\Azure Data Studio\bin;C:\Program Files (x86)\Devart\EntityDeveloper\Console;C:\Program Files\Java\jdk1.8.0_60\bin;C:\WINDOWS\system32;C:\WINDOWS;C:\WINDOWS\System32\Wbem;C:\WINDOWS\System32\WindowsPowerShell\v1.0\;C:\WINDOWS\System32\OpenSSH\;C:\Program Files\Git\cmd;C:\Users\Alaa\AppData\Roaming\Python\Python310\Scripts;C:\Program Files\GitHub CLI\;C:\Program Files\Docker\Docker\resources\bin;C:\ProgramData\DockerDesktop\version-bin;C:\Program Files\MySQL\MySQL Shell 8.0\bin\;C:\Users\Alaa\AppData\Local\Microsoft\WindowsApps;C:\Users\Alaa\AppData\Roaming\npm;C:\Users\Alaa\AppData\Local\Programs\Microsoft VS Code\bin;C:\Users\Alaa\.dotnet\tools;C:\Program Files\Azure Data Studio\bin;C:\Program Files (x86)\Devart\EntityDeveloper\Console;C:\Users\Alaa\AppData\Local\GitHubDesktop\bin;C:\Program Files\MongoDB\Server\4.0\bin;C:\Program Files\heroku\bin;C:\Users\Alaa\Desktop;;."/>
    <property name="java.vm.info" value="mixed mode"/>
    <property name="java.vendor" value="Eclipse Adoptium"/>
    <property name="java.vm.version" value="17.0.3+7"/>
    <property name="sun.io.unicode.encoding" value="UnicodeLittle"/>
    <property name="java.class.version" value="61.0"/>
  </properties>
  <testcase name="contextLoads" classname="com.twoDB.flowable.FlowTwoDbApplicationTests" time="0.017">
    <error message="Failed to load ApplicationContext" type="java.lang.IllegalStateException">java.lang.IllegalStateException: Failed to load ApplicationContext
Caused by: org.springframework.beans.factory.UnsatisfiedDependencyException: Error creating bean with name 'appRepositoryServiceBean' defined in class path resource [org/flowable/spring/boot/app/AppEngineServicesAutoConfiguration.class]: Unsatisfied dependency expressed through method 'appRepositoryServiceBean' parameter 0; nested exception is org.springframework.beans.factory.BeanCreationException: Error creating bean with name 'flowableAppEngine': FactoryBean threw exception on object creation; nested exception is org.flowable.common.engine.api.FlowableException: Error initialising dmn data model
Caused by: org.springframework.beans.factory.BeanCreationException: Error creating bean with name 'flowableAppEngine': FactoryBean threw exception on object creation; nested exception is org.flowable.common.engine.api.FlowableException: Error initialising dmn data model
Caused by: org.flowable.common.engine.api.FlowableException: Error initialising dmn data model
Caused by: liquibase.exception.LiquibaseException: 
liquibase.exception.MigrationFailedException: Migration failed for change set org/flowable/dmn/db/liquibase/flowable-dmn-db-changelog.xml::6::flowable:
     Reason: liquibase.exception.DatabaseException: Specified key was too long; max key length is 1000 bytes [Failed SQL: (1071) CREATE UNIQUE INDEX ACT_IDX_DEC_TBL_UNIQ ON flowable.ACT_DMN_DECISION_TABLE(KEY_, VERSION_, TENANT_ID_)]
Caused by: liquibase.exception.MigrationFailedException: 
Migration failed for change set org/flowable/dmn/db/liquibase/flowable-dmn-db-changelog.xml::6::flowable:
     Reason: liquibase.exception.DatabaseException: Specified key was too long; max key length is 1000 bytes [Failed SQL: (1071) CREATE UNIQUE INDEX ACT_IDX_DEC_TBL_UNIQ ON flowable.ACT_DMN_DECISION_TABLE(KEY_, VERSION_, TENANT_ID_)]
Caused by: liquibase.exception.DatabaseException: Specified key was too long; max key length is 1000 bytes [Failed SQL: (1071) CREATE UNIQUE INDEX ACT_IDX_DEC_TBL_UNIQ ON flowable.ACT_DMN_DECISION_TABLE(KEY_, VERSION_, TENANT_ID_)]
Caused by: java.sql.SQLSyntaxErrorException: Specified key was too long; max key length is 1000 bytes
</error>
    <system-out><![CDATA[15:48:28.518 [main] DEBUG org.springframework.test.context.BootstrapUtils - Instantiating CacheAwareContextLoaderDelegate from class [org.springframework.test.context.cache.DefaultCacheAwareContextLoaderDelegate]
15:48:28.529 [main] DEBUG org.springframework.test.context.BootstrapUtils - Instantiating BootstrapContext using constructor [public org.springframework.test.context.support.DefaultBootstrapContext(java.lang.Class,org.springframework.test.context.CacheAwareContextLoaderDelegate)]
15:48:28.578 [main] DEBUG org.springframework.test.context.BootstrapUtils - Instantiating TestContextBootstrapper for test class [com.twoDB.flowable.FlowTwoDbApplicationTests] from class [org.springframework.boot.test.context.SpringBootTestContextBootstrapper]
15:48:28.610 [main] INFO org.springframework.boot.test.context.SpringBootTestContextBootstrapper - Neither @ContextConfiguration nor @ContextHierarchy found for test class [com.twoDB.flowable.FlowTwoDbApplicationTests], using SpringBootContextLoader
15:48:28.618 [main] DEBUG org.springframework.test.context.support.AbstractContextLoader - Did not detect default resource location for test class [com.twoDB.flowable.FlowTwoDbApplicationTests]: class path resource [com/twoDB/flowable/FlowTwoDbApplicationTests-context.xml] does not exist
15:48:28.618 [main] DEBUG org.springframework.test.context.support.AbstractContextLoader - Did not detect default resource location for test class [com.twoDB.flowable.FlowTwoDbApplicationTests]: class path resource [com/twoDB/flowable/FlowTwoDbApplicationTestsContext.groovy] does not exist
15:48:28.618 [main] INFO org.springframework.test.context.support.AbstractContextLoader - Could not detect default resource locations for test class [com.twoDB.flowable.FlowTwoDbApplicationTests]: no resource found for suffixes {-context.xml, Context.groovy}.
15:48:28.619 [main] INFO org.springframework.test.context.support.AnnotationConfigContextLoaderUtils - Could not detect default configuration classes for test class [com.twoDB.flowable.FlowTwoDbApplicationTests]: FlowTwoDbApplicationTests does not declare any static, non-private, non-final, nested classes annotated with @Configuration.
15:48:28.688 [main] DEBUG org.springframework.test.context.support.ActiveProfilesUtils - Could not find an 'annotation declaring class' for annotation type [org.springframework.test.context.ActiveProfiles] and class [com.twoDB.flowable.FlowTwoDbApplicationTests]
15:48:28.764 [main] DEBUG org.springframework.context.annotation.ClassPathScanningCandidateComponentProvider - Identified candidate component class: file [C:\Users\Alaa\eclipse-workspace\flowTwoDB\target\classes\com\twoDB\flowable\FlowTwoDbApplication.class]
15:48:28.766 [main] INFO org.springframework.boot.test.context.SpringBootTestContextBootstrapper - Found @SpringBootConfiguration com.twoDB.flowable.FlowTwoDbApplication for test class com.twoDB.flowable.FlowTwoDbApplicationTests
15:48:28.912 [main] DEBUG org.springframework.boot.test.context.SpringBootTestContextBootstrapper - @TestExecutionListeners is not present for class [com.twoDB.flowable.FlowTwoDbApplicationTests]: using defaults.
15:48:28.912 [main] INFO org.springframework.boot.test.context.SpringBootTestContextBootstrapper - Loaded default TestExecutionListener class names from location [META-INF/spring.factories]: [org.springframework.boot.test.mock.mockito.MockitoTestExecutionListener, org.springframework.boot.test.mock.mockito.ResetMocksTestExecutionListener, org.springframework.boot.test.autoconfigure.restdocs.RestDocsTestExecutionListener, org.springframework.boot.test.autoconfigure.web.client.MockRestServiceServerResetTestExecutionListener, org.springframework.boot.test.autoconfigure.web.servlet.MockMvcPrintOnlyOnFailureTestExecutionListener, org.springframework.boot.test.autoconfigure.web.servlet.WebDriverTestExecutionListener, org.springframework.boot.test.autoconfigure.webservices.client.MockWebServiceServerTestExecutionListener, org.springframework.test.context.web.ServletTestExecutionListener, org.springframework.test.context.support.DirtiesContextBeforeModesTestExecutionListener, org.springframework.test.context.event.ApplicationEventsTestExecutionListener, org.springframework.test.context.support.DependencyInjectionTestExecutionListener, org.springframework.test.context.support.DirtiesContextTestExecutionListener, org.springframework.test.context.transaction.TransactionalTestExecutionListener, org.springframework.test.context.jdbc.SqlScriptsTestExecutionListener, org.springframework.test.context.event.EventPublishingTestExecutionListener]
15:48:28.937 [main] INFO org.springframework.boot.test.context.SpringBootTestContextBootstrapper - Using TestExecutionListeners: [org.springframework.test.context.web.ServletTestExecutionListener@40499e4f, org.springframework.test.context.support.DirtiesContextBeforeModesTestExecutionListener@51cd7ffc, org.springframework.test.context.event.ApplicationEventsTestExecutionListener@30d4b288, org.springframework.boot.test.mock.mockito.MockitoTestExecutionListener@4cc6fa2a, org.springframework.boot.test.autoconfigure.SpringBootDependencyInjectionTestExecutionListener@40f1be1b, org.springframework.test.context.support.DirtiesContextTestExecutionListener@7a791b66, org.springframework.test.context.transaction.TransactionalTestExecutionListener@6f2cb653, org.springframework.test.context.jdbc.SqlScriptsTestExecutionListener@14c01636, org.springframework.test.context.event.EventPublishingTestExecutionListener@590c73d3, org.springframework.boot.test.mock.mockito.ResetMocksTestExecutionListener@6b9ce1bf, org.springframework.boot.test.autoconfigure.restdocs.RestDocsTestExecutionListener@61884cb1, org.springframework.boot.test.autoconfigure.web.client.MockRestServiceServerResetTestExecutionListener@75ed9710, org.springframework.boot.test.autoconfigure.web.servlet.MockMvcPrintOnlyOnFailureTestExecutionListener@4fc5e095, org.springframework.boot.test.autoconfigure.web.servlet.WebDriverTestExecutionListener@435871cb, org.springframework.boot.test.autoconfigure.webservices.client.MockWebServiceServerTestExecutionListener@609640d5]
15:48:28.942 [main] DEBUG org.springframework.test.context.support.AbstractDirtiesContextTestExecutionListener - Before test class: context [DefaultTestContext@618c5d94 testClass = FlowTwoDbApplicationTests, testInstance = [null], testMethod = [null], testException = [null], mergedContextConfiguration = [WebMergedContextConfiguration@5b40ceb testClass = FlowTwoDbApplicationTests, locations = '{}', classes = '{class com.twoDB.flowable.FlowTwoDbApplication}', contextInitializerClasses = '[]', activeProfiles = '{}', propertySourceLocations = '{}', propertySourceProperties = '{org.springframework.boot.test.context.SpringBootTestContextBootstrapper=true}', contextCustomizers = set[org.springframework.boot.test.context.filter.ExcludeFilterContextCustomizer@6d7fc27, org.springframework.boot.test.json.DuplicateJsonObjectContextCustomizerFactory$DuplicateJsonObjectContextCustomizer@518caac3, org.springframework.boot.test.mock.mockito.MockitoContextCustomizer@0, org.springframework.boot.test.web.client.TestRestTemplateContextCustomizer@125290e5, org.springframework.boot.test.autoconfigure.actuate.metrics.MetricsExportContextCustomizerFactory$DisableMetricExportContextCustomizer@1d483de4, org.springframework.boot.test.autoconfigure.properties.PropertyMappingContextCustomizer@0, org.springframework.boot.test.autoconfigure.web.servlet.WebDriverContextCustomizerFactory$Customizer@19e7a160, org.springframework.boot.test.context.SpringBootTestArgs@1, org.springframework.boot.test.context.SpringBootTestWebEnvironment@74fe5c40], resourceBasePath = 'src/main/webapp', contextLoader = 'org.springframework.boot.test.context.SpringBootContextLoader', parent = [null]], attributes = map['org.springframework.test.context.web.ServletTestExecutionListener.activateListener' -> true]], class annotated with @DirtiesContext [false] with mode [null].

  .   ____          _            __ _ _
 /\\ / ___'_ __ _ _(_)_ __  __ _ \ \ \ \
( ( )\___ | '_ | '_| | '_ \/ _` | \ \ \ \
 \\/  ___)| |_)| | | | | || (_| |  ) ) ) )
  '  |____| .__|_| |_|_| |_\__, | / / / /
 =========|_|==============|___/=/_/_/_/
 :: Spring Boot ::               (v2.6.10)

2022-08-02 15:48:29.400  INFO 23256 --- [           main] c.t.flowable.FlowTwoDbApplicationTests   : Starting FlowTwoDbApplicationTests using Java 17.0.3 on AlaaBenFradj with PID 23256 (started by Alaa in C:\Users\Alaa\eclipse-workspace\flowTwoDB)
2022-08-02 15:48:29.402  INFO 23256 --- [           main] c.t.flowable.FlowTwoDbApplicationTests   : No active profile set, falling back to 1 default profile: "default"
2022-08-02 15:48:30.375  INFO 23256 --- [           main] .s.d.r.c.RepositoryConfigurationDelegate : Bootstrapping Spring Data JPA repositories in DEFAULT mode.
2022-08-02 15:48:30.396  INFO 23256 --- [           main] .s.d.r.c.RepositoryConfigurationDelegate : Finished Spring Data repository scanning in 9 ms. Found 0 JPA repository interfaces.
2022-08-02 15:48:31.455  INFO 23256 --- [           main] o.hibernate.jpa.internal.util.LogHelper  : HHH000204: Processing PersistenceUnitInfo [name: default]
2022-08-02 15:48:31.537  INFO 23256 --- [           main] org.hibernate.Version                    : HHH000412: Hibernate ORM core version 5.6.10.Final
2022-08-02 15:48:31.778  INFO 23256 --- [           main] o.hibernate.annotations.common.Version   : HCANN000001: Hibernate Commons Annotations {5.1.2.Final}
2022-08-02 15:48:32.050  INFO 23256 --- [           main] com.zaxxer.hikari.HikariDataSource       : HikariPool-1 - Starting...
2022-08-02 15:48:32.353  INFO 23256 --- [           main] com.zaxxer.hikari.HikariDataSource       : HikariPool-1 - Start completed.
2022-08-02 15:48:32.372  INFO 23256 --- [           main] org.hibernate.dialect.Dialect            : HHH000400: Using dialect: org.hibernate.dialect.MySQL5Dialect
2022-08-02 15:48:32.857  INFO 23256 --- [           main] o.h.e.t.j.p.i.JtaPlatformInitiator       : HHH000490: Using JtaPlatform implementation: [org.hibernate.engine.transaction.jta.platform.internal.NoJtaPlatform]
2022-08-02 15:48:32.872  INFO 23256 --- [           main] j.LocalContainerEntityManagerFactoryBean : Initialized JPA EntityManagerFactory for persistence unit 'default'
2022-08-02 15:48:33.304  WARN 23256 --- [           main] JpaBaseConfiguration$JpaWebConfiguration : spring.jpa.open-in-view is enabled by default. Therefore, database queries may be performed during view rendering. Explicitly configure spring.jpa.open-in-view to disable this warning
2022-08-02 15:48:34.112  INFO 23256 --- [           main] uration$$EnhancerBySpringCGLIB$$fcefa53b : No deployment resources were found for autodeployment
2022-08-02 15:48:34.418  INFO 23256 --- [           main] uration$$EnhancerBySpringCGLIB$$250cece0 : No deployment resources were found for autodeployment
2022-08-02 15:48:34.683  INFO 23256 --- [           main] uration$$EnhancerBySpringCGLIB$$4d86ad81 : No deployment resources were found for autodeployment
2022-08-02 15:48:34.876  INFO 23256 --- [           main] uration$$EnhancerBySpringCGLIB$$a507ef73 : No deployment resources were found for autodeployment
2022-08-02 15:48:34.956  INFO 23256 --- [           main] uration$$EnhancerBySpringCGLIB$$e92d69e1 : No deployment resources were found for autodeployment
2022-08-02 15:48:35.035  INFO 23256 --- [           main] o.f.a.s.SpringAppEngineConfiguration     : Found 6 Engine Configurators in total:
2022-08-02 15:48:35.036  INFO 23256 --- [           main] o.f.a.s.SpringAppEngineConfiguration     : class org.flowable.engine.spring.configurator.SpringProcessEngineConfigurator (priority:50000)
2022-08-02 15:48:35.036  INFO 23256 --- [           main] o.f.a.s.SpringAppEngineConfiguration     : class org.flowable.idm.spring.configurator.SpringIdmEngineConfigurator (priority:100000)
2022-08-02 15:48:35.036  INFO 23256 --- [           main] o.f.a.s.SpringAppEngineConfiguration     : class org.flowable.dmn.spring.configurator.SpringDmnEngineConfigurator (priority:200000)
2022-08-02 15:48:35.036  INFO 23256 --- [           main] o.f.a.s.SpringAppEngineConfiguration     : class org.flowable.form.spring.configurator.SpringFormEngineConfigurator (priority:300000)
2022-08-02 15:48:35.036  INFO 23256 --- [           main] o.f.a.s.SpringAppEngineConfiguration     : class org.flowable.content.spring.configurator.SpringContentEngineConfigurator (priority:400000)
2022-08-02 15:48:35.036  INFO 23256 --- [           main] o.f.a.s.SpringAppEngineConfiguration     : class org.flowable.cmmn.spring.configurator.SpringCmmnEngineConfigurator (priority:500000)
2022-08-02 15:48:35.036  INFO 23256 --- [           main] o.f.a.s.SpringAppEngineConfiguration     : Executing beforeInit() of class org.flowable.engine.spring.configurator.SpringProcessEngineConfigurator (priority:50000)
2022-08-02 15:48:35.117  INFO 23256 --- [           main] o.f.a.s.SpringAppEngineConfiguration     : Executing beforeInit() of class org.flowable.idm.spring.configurator.SpringIdmEngineConfigurator (priority:100000)
2022-08-02 15:48:35.121  INFO 23256 --- [           main] o.f.a.s.SpringAppEngineConfiguration     : Executing beforeInit() of class org.flowable.dmn.spring.configurator.SpringDmnEngineConfigurator (priority:200000)
2022-08-02 15:48:35.127  INFO 23256 --- [           main] o.f.a.s.SpringAppEngineConfiguration     : Executing beforeInit() of class org.flowable.form.spring.configurator.SpringFormEngineConfigurator (priority:300000)
2022-08-02 15:48:35.135  INFO 23256 --- [           main] o.f.a.s.SpringAppEngineConfiguration     : Executing beforeInit() of class org.flowable.content.spring.configurator.SpringContentEngineConfigurator (priority:400000)
2022-08-02 15:48:35.139  INFO 23256 --- [           main] o.f.a.s.SpringAppEngineConfiguration     : Executing beforeInit() of class org.flowable.cmmn.spring.configurator.SpringCmmnEngineConfigurator (priority:500000)
2022-08-02 15:48:36.674  INFO 23256 --- [           main] o.f.a.s.SpringAppEngineConfiguration     : Executing configure() of class org.flowable.engine.spring.configurator.SpringProcessEngineConfigurator (priority:50000)
2022-08-02 15:48:37.034  INFO 23256 --- [           main] o.f.engine.impl.ProcessEngineImpl        : ProcessEngine default created
2022-08-02 15:48:37.041  INFO 23256 --- [           main] o.f.j.s.i.a.AbstractAsyncExecutor        : Starting up the async job executor [org.flowable.spring.job.service.SpringAsyncExecutor].
2022-08-02 15:48:37.042  INFO 23256 --- [       Thread-2] o.f.j.s.i.a.AcquireAsyncJobsDueRunnable  : starting to acquire async jobs due
2022-08-02 15:48:37.042  INFO 23256 --- [       Thread-3] o.f.j.s.i.a.AcquireTimerJobsRunnable     : starting to acquire async jobs due
2022-08-02 15:48:37.042  INFO 23256 --- [       Thread-4] o.f.j.s.i.a.ResetExpiredJobsRunnable     : starting to reset expired jobs
2022-08-02 15:48:37.090  INFO 23256 --- [           main] o.f.e.impl.cmd.ValidateV5EntitiesCmd     : Total of v5 deployments found: 0
2022-08-02 15:48:37.099  INFO 23256 --- [           main] o.f.a.s.SpringAppEngineConfiguration     : Executing configure() of class org.flowable.idm.spring.configurator.SpringIdmEngineConfigurator (priority:100000)
2022-08-02 15:48:37.143  INFO 23256 --- [           main] o.f.idm.engine.impl.IdmEngineImpl        : IdmEngine default created
2022-08-02 15:48:37.144  INFO 23256 --- [           main] o.f.a.s.SpringAppEngineConfiguration     : Executing configure() of class org.flowable.dmn.spring.configurator.SpringDmnEngineConfigurator (priority:200000)
2022-08-02 15:48:37.649  INFO 23256 --- [           main] liquibase.lockservice                    : Successfully acquired change log lock
2022-08-02 15:48:38.260  INFO 23256 --- [           main] liquibase.changelog                      : Reading from flowable.ACT_DMN_DATABASECHANGELOG
2022-08-02 15:48:38.418  INFO 23256 --- [           main] liquibase.lockservice                    : Successfully released change log lock
2022-08-02 15:48:38.422  WARN 23256 --- [           main] o.s.w.c.s.GenericWebApplicationContext   : Exception encountered during context initialization - cancelling refresh attempt: org.springframework.beans.factory.UnsatisfiedDependencyException: Error creating bean with name 'appRepositoryServiceBean' defined in class path resource [org/flowable/spring/boot/app/AppEngineServicesAutoConfiguration.class]: Unsatisfied dependency expressed through method 'appRepositoryServiceBean' parameter 0; nested exception is org.springframework.beans.factory.BeanCreationException: Error creating bean with name 'flowableAppEngine': FactoryBean threw exception on object creation; nested exception is org.flowable.common.engine.api.FlowableException: Error initialising dmn data model
2022-08-02 15:48:38.425  INFO 23256 --- [           main] o.f.j.s.i.a.AbstractAsyncExecutor        : Shutting down the async job executor [org.flowable.spring.job.service.SpringAsyncExecutor].
2022-08-02 15:48:38.425  INFO 23256 --- [uire-timer-jobs] o.f.j.s.i.a.AcquireTimerJobsRunnable     : stopped async job due acquisition
2022-08-02 15:48:38.425  INFO 23256 --- [et-expired-jobs] o.f.j.s.i.a.ResetExpiredJobsRunnable     : stopped resetting expired jobs
2022-08-02 15:48:38.425  INFO 23256 --- [uire-async-jobs] o.f.j.s.i.a.AcquireAsyncJobsDueRunnable  : stopped async job due acquisition
2022-08-02 15:48:38.426  INFO 23256 --- [           main] j.LocalContainerEntityManagerFactoryBean : Closing JPA EntityManagerFactory for persistence unit 'default'
2022-08-02 15:48:38.431  INFO 23256 --- [           main] com.zaxxer.hikari.HikariDataSource       : HikariPool-1 - Shutdown initiated...
2022-08-02 15:48:38.448  INFO 23256 --- [           main] com.zaxxer.hikari.HikariDataSource       : HikariPool-1 - Shutdown completed.
2022-08-02 15:48:38.462  INFO 23256 --- [           main] ConditionEvaluationReportLoggingListener : 

Error starting ApplicationContext. To display the conditions report re-run your application with 'debug' enabled.
2022-08-02 15:48:38.510 ERROR 23256 --- [           main] o.s.boot.SpringApplication               : Application run failed

org.springframework.beans.factory.UnsatisfiedDependencyException: Error creating bean with name 'appRepositoryServiceBean' defined in class path resource [org/flowable/spring/boot/app/AppEngineServicesAutoConfiguration.class]: Unsatisfied dependency expressed through method 'appRepositoryServiceBean' parameter 0; nested exception is org.springframework.beans.factory.BeanCreationException: Error creating bean with name 'flowableAppEngine': FactoryBean threw exception on object creation; nested exception is org.flowable.common.engine.api.FlowableException: Error initialising dmn data model
	at org.springframework.beans.factory.support.ConstructorResolver.createArgumentArray(ConstructorResolver.java:800) ~[spring-beans-5.3.22.jar:5.3.22]
	at org.springframework.beans.factory.support.ConstructorResolver.instantiateUsingFactoryMethod(ConstructorResolver.java:541) ~[spring-beans-5.3.22.jar:5.3.22]
	at org.springframework.beans.factory.support.AbstractAutowireCapableBeanFactory.instantiateUsingFactoryMethod(AbstractAutowireCapableBeanFactory.java:1352) ~[spring-beans-5.3.22.jar:5.3.22]
	at org.springframework.beans.factory.support.AbstractAutowireCapableBeanFactory.createBeanInstance(AbstractAutowireCapableBeanFactory.java:1195) ~[spring-beans-5.3.22.jar:5.3.22]
	at org.springframework.beans.factory.support.AbstractAutowireCapableBeanFactory.doCreateBean(AbstractAutowireCapableBeanFactory.java:582) ~[spring-beans-5.3.22.jar:5.3.22]
	at org.springframework.beans.factory.support.AbstractAutowireCapableBeanFactory.createBean(AbstractAutowireCapableBeanFactory.java:542) ~[spring-beans-5.3.22.jar:5.3.22]
	at org.springframework.beans.factory.support.AbstractBeanFactory.lambda$doGetBean$0(AbstractBeanFactory.java:335) ~[spring-beans-5.3.22.jar:5.3.22]
	at org.springframework.beans.factory.support.DefaultSingletonBeanRegistry.getSingleton(DefaultSingletonBeanRegistry.java:234) ~[spring-beans-5.3.22.jar:5.3.22]
	at org.springframework.beans.factory.support.AbstractBeanFactory.doGetBean(AbstractBeanFactory.java:333) ~[spring-beans-5.3.22.jar:5.3.22]
	at org.springframework.beans.factory.support.AbstractBeanFactory.getBean(AbstractBeanFactory.java:208) ~[spring-beans-5.3.22.jar:5.3.22]
	at org.springframework.beans.factory.support.DefaultListableBeanFactory.preInstantiateSingletons(DefaultListableBeanFactory.java:955) ~[spring-beans-5.3.22.jar:5.3.22]
	at org.springframework.context.support.AbstractApplicationContext.finishBeanFactoryInitialization(AbstractApplicationContext.java:918) ~[spring-context-5.3.22.jar:5.3.22]
	at org.springframework.context.support.AbstractApplicationContext.refresh(AbstractApplicationContext.java:583) ~[spring-context-5.3.22.jar:5.3.22]
	at org.springframework.boot.SpringApplication.refresh(SpringApplication.java:745) ~[spring-boot-2.6.10.jar:2.6.10]
	at org.springframework.boot.SpringApplication.refreshContext(SpringApplication.java:420) ~[spring-boot-2.6.10.jar:2.6.10]
	at org.springframework.boot.SpringApplication.run(SpringApplication.java:307) ~[spring-boot-2.6.10.jar:2.6.10]
	at org.springframework.boot.test.context.SpringBootContextLoader.loadContext(SpringBootContextLoader.java:144) ~[spring-boot-test-2.6.10.jar:2.6.10]
	at org.springframework.test.context.cache.DefaultCacheAwareContextLoaderDelegate.loadContextInternal(DefaultCacheAwareContextLoaderDelegate.java:99) ~[spring-test-5.3.22.jar:5.3.22]
	at org.springframework.test.context.cache.DefaultCacheAwareContextLoaderDelegate.loadContext(DefaultCacheAwareContextLoaderDelegate.java:124) ~[spring-test-5.3.22.jar:5.3.22]
	at org.springframework.test.context.support.DefaultTestContext.getApplicationContext(DefaultTestContext.java:124) ~[spring-test-5.3.22.jar:5.3.22]
	at org.springframework.test.context.web.ServletTestExecutionListener.setUpRequestContextIfNecessary(ServletTestExecutionListener.java:190) ~[spring-test-5.3.22.jar:5.3.22]
	at org.springframework.test.context.web.ServletTestExecutionListener.prepareTestInstance(ServletTestExecutionListener.java:132) ~[spring-test-5.3.22.jar:5.3.22]
	at org.springframework.test.context.TestContextManager.prepareTestInstance(TestContextManager.java:248) ~[spring-test-5.3.22.jar:5.3.22]
	at org.springframework.test.context.junit.jupiter.SpringExtension.postProcessTestInstance(SpringExtension.java:138) ~[spring-test-5.3.22.jar:5.3.22]
	at org.junit.jupiter.engine.descriptor.ClassBasedTestDescriptor.lambda$invokeTestInstancePostProcessors$8(ClassBasedTestDescriptor.java:363) ~[junit-jupiter-engine-5.8.2.jar:5.8.2]
	at org.junit.jupiter.engine.descriptor.ClassBasedTestDescriptor.executeAndMaskThrowable(ClassBasedTestDescriptor.java:368) ~[junit-jupiter-engine-5.8.2.jar:5.8.2]
	at org.junit.jupiter.engine.descriptor.ClassBasedTestDescriptor.lambda$invokeTestInstancePostProcessors$9(ClassBasedTestDescriptor.java:363) ~[junit-jupiter-engine-5.8.2.jar:5.8.2]
	at java.base/java.util.stream.ReferencePipeline$3$1.accept(ReferencePipeline.java:197) ~[na:na]
	at java.base/java.util.stream.ReferencePipeline$2$1.accept(ReferencePipeline.java:179) ~[na:na]
	at java.base/java.util.ArrayList$ArrayListSpliterator.forEachRemaining(ArrayList.java:1625) ~[na:na]
	at java.base/java.util.stream.AbstractPipeline.copyInto(AbstractPipeline.java:509) ~[na:na]
	at java.base/java.util.stream.AbstractPipeline.wrapAndCopyInto(AbstractPipeline.java:499) ~[na:na]
	at java.base/java.util.stream.StreamSpliterators$WrappingSpliterator.forEachRemaining(StreamSpliterators.java:310) ~[na:na]
	at java.base/java.util.stream.Streams$ConcatSpliterator.forEachRemaining(Streams.java:735) ~[na:na]
	at java.base/java.util.stream.Streams$ConcatSpliterator.forEachRemaining(Streams.java:734) ~[na:na]
	at java.base/java.util.stream.ReferencePipeline$Head.forEach(ReferencePipeline.java:762) ~[na:na]
	at org.junit.jupiter.engine.descriptor.ClassBasedTestDescriptor.invokeTestInstancePostProcessors(ClassBasedTestDescriptor.java:362) ~[junit-jupiter-engine-5.8.2.jar:5.8.2]
	at org.junit.jupiter.engine.descriptor.ClassBasedTestDescriptor.lambda$instantiateAndPostProcessTestInstance$6(ClassBasedTestDescriptor.java:283) ~[junit-jupiter-engine-5.8.2.jar:5.8.2]
	at org.junit.platform.engine.support.hierarchical.ThrowableCollector.execute(ThrowableCollector.java:73) ~[junit-platform-engine-1.8.2.jar:1.8.2]
	at org.junit.jupiter.engine.descriptor.ClassBasedTestDescriptor.instantiateAndPostProcessTestInstance(ClassBasedTestDescriptor.java:282) ~[junit-jupiter-engine-5.8.2.jar:5.8.2]
	at org.junit.jupiter.engine.descriptor.ClassBasedTestDescriptor.lambda$testInstancesProvider$4(ClassBasedTestDescriptor.java:272) ~[junit-jupiter-engine-5.8.2.jar:5.8.2]
	at java.base/java.util.Optional.orElseGet(Optional.java:364) ~[na:na]
	at org.junit.jupiter.engine.descriptor.ClassBasedTestDescriptor.lambda$testInstancesProvider$5(ClassBasedTestDescriptor.java:271) ~[junit-jupiter-engine-5.8.2.jar:5.8.2]
	at org.junit.jupiter.engine.execution.TestInstancesProvider.getTestInstances(TestInstancesProvider.java:31) ~[junit-jupiter-engine-5.8.2.jar:5.8.2]
	at org.junit.jupiter.engine.descriptor.TestMethodTestDescriptor.lambda$prepare$0(TestMethodTestDescriptor.java:102) ~[junit-jupiter-engine-5.8.2.jar:5.8.2]
	at org.junit.platform.engine.support.hierarchical.ThrowableCollector.execute(ThrowableCollector.java:73) ~[junit-platform-engine-1.8.2.jar:1.8.2]
	at org.junit.jupiter.engine.descriptor.TestMethodTestDescriptor.prepare(TestMethodTestDescriptor.java:101) ~[junit-jupiter-engine-5.8.2.jar:5.8.2]
	at org.junit.jupiter.engine.descriptor.TestMethodTestDescriptor.prepare(TestMethodTestDescriptor.java:66) ~[junit-jupiter-engine-5.8.2.jar:5.8.2]
	at org.junit.platform.engine.support.hierarchical.NodeTestTask.lambda$prepare$2(NodeTestTask.java:123) ~[junit-platform-engine-1.8.2.jar:1.8.2]
	at org.junit.platform.engine.support.hierarchical.ThrowableCollector.execute(ThrowableCollector.java:73) ~[junit-platform-engine-1.8.2.jar:1.8.2]
	at org.junit.platform.engine.support.hierarchical.NodeTestTask.prepare(NodeTestTask.java:123) ~[junit-platform-engine-1.8.2.jar:1.8.2]
	at org.junit.platform.engine.support.hierarchical.NodeTestTask.execute(NodeTestTask.java:90) ~[junit-platform-engine-1.8.2.jar:1.8.2]
	at java.base/java.util.ArrayList.forEach(ArrayList.java:1511) ~[na:na]
	at org.junit.platform.engine.support.hierarchical.SameThreadHierarchicalTestExecutorService.invokeAll(SameThreadHierarchicalTestExecutorService.java:41) ~[junit-platform-engine-1.8.2.jar:1.8.2]
	at org.junit.platform.engine.support.hierarchical.NodeTestTask.lambda$executeRecursively$6(NodeTestTask.java:155) ~[junit-platform-engine-1.8.2.jar:1.8.2]
	at org.junit.platform.engine.support.hierarchical.ThrowableCollector.execute(ThrowableCollector.java:73) ~[junit-platform-engine-1.8.2.jar:1.8.2]
	at org.junit.platform.engine.support.hierarchical.NodeTestTask.lambda$executeRecursively$8(NodeTestTask.java:141) ~[junit-platform-engine-1.8.2.jar:1.8.2]
	at org.junit.platform.engine.support.hierarchical.Node.around(Node.java:137) ~[junit-platform-engine-1.8.2.jar:1.8.2]
	at org.junit.platform.engine.support.hierarchical.NodeTestTask.lambda$executeRecursively$9(NodeTestTask.java:139) ~[junit-platform-engine-1.8.2.jar:1.8.2]
	at org.junit.platform.engine.support.hierarchical.ThrowableCollector.execute(ThrowableCollector.java:73) ~[junit-platform-engine-1.8.2.jar:1.8.2]
	at org.junit.platform.engine.support.hierarchical.NodeTestTask.executeRecursively(NodeTestTask.java:138) ~[junit-platform-engine-1.8.2.jar:1.8.2]
	at org.junit.platform.engine.support.hierarchical.NodeTestTask.execute(NodeTestTask.java:95) ~[junit-platform-engine-1.8.2.jar:1.8.2]
	at java.base/java.util.ArrayList.forEach(ArrayList.java:1511) ~[na:na]
	at org.junit.platform.engine.support.hierarchical.SameThreadHierarchicalTestExecutorService.invokeAll(SameThreadHierarchicalTestExecutorService.java:41) ~[junit-platform-engine-1.8.2.jar:1.8.2]
	at org.junit.platform.engine.support.hierarchical.NodeTestTask.lambda$executeRecursively$6(NodeTestTask.java:155) ~[junit-platform-engine-1.8.2.jar:1.8.2]
	at org.junit.platform.engine.support.hierarchical.ThrowableCollector.execute(ThrowableCollector.java:73) ~[junit-platform-engine-1.8.2.jar:1.8.2]
	at org.junit.platform.engine.support.hierarchical.NodeTestTask.lambda$executeRecursively$8(NodeTestTask.java:141) ~[junit-platform-engine-1.8.2.jar:1.8.2]
	at org.junit.platform.engine.support.hierarchical.Node.around(Node.java:137) ~[junit-platform-engine-1.8.2.jar:1.8.2]
	at org.junit.platform.engine.support.hierarchical.NodeTestTask.lambda$executeRecursively$9(NodeTestTask.java:139) ~[junit-platform-engine-1.8.2.jar:1.8.2]
	at org.junit.platform.engine.support.hierarchical.ThrowableCollector.execute(ThrowableCollector.java:73) ~[junit-platform-engine-1.8.2.jar:1.8.2]
	at org.junit.platform.engine.support.hierarchical.NodeTestTask.executeRecursively(NodeTestTask.java:138) ~[junit-platform-engine-1.8.2.jar:1.8.2]
	at org.junit.platform.engine.support.hierarchical.NodeTestTask.execute(NodeTestTask.java:95) ~[junit-platform-engine-1.8.2.jar:1.8.2]
	at org.junit.platform.engine.support.hierarchical.SameThreadHierarchicalTestExecutorService.submit(SameThreadHierarchicalTestExecutorService.java:35) ~[junit-platform-engine-1.8.2.jar:1.8.2]
	at org.junit.platform.engine.support.hierarchical.HierarchicalTestExecutor.execute(HierarchicalTestExecutor.java:57) ~[junit-platform-engine-1.8.2.jar:1.8.2]
	at org.junit.platform.engine.support.hierarchical.HierarchicalTestEngine.execute(HierarchicalTestEngine.java:54) ~[junit-platform-engine-1.8.2.jar:1.8.2]
	at org.junit.platform.launcher.core.DefaultLauncher.execute(DefaultLauncher.java:220) ~[junit-platform-launcher-1.3.1.jar:1.3.1]
	at org.junit.platform.launcher.core.DefaultLauncher.lambda$execute$6(DefaultLauncher.java:188) ~[junit-platform-launcher-1.3.1.jar:1.3.1]
	at org.junit.platform.launcher.core.DefaultLauncher.withInterceptedStreams(DefaultLauncher.java:202) ~[junit-platform-launcher-1.3.1.jar:1.3.1]
	at org.junit.platform.launcher.core.DefaultLauncher.execute(DefaultLauncher.java:181) ~[junit-platform-launcher-1.3.1.jar:1.3.1]
	at org.junit.platform.launcher.core.DefaultLauncher.execute(DefaultLauncher.java:128) ~[junit-platform-launcher-1.3.1.jar:1.3.1]
	at org.apache.maven.surefire.junitplatform.JUnitPlatformProvider.invokeAllTests(JUnitPlatformProvider.java:150) ~[surefire-junit-platform-2.22.2.jar:2.22.2]
	at org.apache.maven.surefire.junitplatform.JUnitPlatformProvider.invoke(JUnitPlatformProvider.java:124) ~[surefire-junit-platform-2.22.2.jar:2.22.2]
	at org.apache.maven.surefire.booter.ForkedBooter.invokeProviderInSameClassLoader(ForkedBooter.java:384) ~[surefire-booter-2.22.2.jar:2.22.2]
	at org.apache.maven.surefire.booter.ForkedBooter.runSuitesInProcess(ForkedBooter.java:345) ~[surefire-booter-2.22.2.jar:2.22.2]
	at org.apache.maven.surefire.booter.ForkedBooter.execute(ForkedBooter.java:126) ~[surefire-booter-2.22.2.jar:2.22.2]
	at org.apache.maven.surefire.booter.ForkedBooter.main(ForkedBooter.java:418) ~[surefire-booter-2.22.2.jar:2.22.2]
Caused by: org.springframework.beans.factory.BeanCreationException: Error creating bean with name 'flowableAppEngine': FactoryBean threw exception on object creation; nested exception is org.flowable.common.engine.api.FlowableException: Error initialising dmn data model
	at org.springframework.beans.factory.support.FactoryBeanRegistrySupport.doGetObjectFromFactoryBean(FactoryBeanRegistrySupport.java:176) ~[spring-beans-5.3.22.jar:5.3.22]
	at org.springframework.beans.factory.support.FactoryBeanRegistrySupport.getObjectFromFactoryBean(FactoryBeanRegistrySupport.java:101) ~[spring-beans-5.3.22.jar:5.3.22]
	at org.springframework.beans.factory.support.AbstractBeanFactory.getObjectForBeanInstance(AbstractBeanFactory.java:1884) ~[spring-beans-5.3.22.jar:5.3.22]
	at org.springframework.beans.factory.support.AbstractAutowireCapableBeanFactory.getObjectForBeanInstance(AbstractAutowireCapableBeanFactory.java:1284) ~[spring-beans-5.3.22.jar:5.3.22]
	at org.springframework.beans.factory.support.AbstractBeanFactory.doGetBean(AbstractBeanFactory.java:267) ~[spring-beans-5.3.22.jar:5.3.22]
	at org.springframework.beans.factory.support.AbstractBeanFactory.getBean(AbstractBeanFactory.java:208) ~[spring-beans-5.3.22.jar:5.3.22]
	at org.springframework.beans.factory.config.DependencyDescriptor.resolveCandidate(DependencyDescriptor.java:276) ~[spring-beans-5.3.22.jar:5.3.22]
	at org.springframework.beans.factory.support.DefaultListableBeanFactory.addCandidateEntry(DefaultListableBeanFactory.java:1616) ~[spring-beans-5.3.22.jar:5.3.22]
	at org.springframework.beans.factory.support.DefaultListableBeanFactory.findAutowireCandidates(DefaultListableBeanFactory.java:1573) ~[spring-beans-5.3.22.jar:5.3.22]
	at org.springframework.beans.factory.support.DefaultListableBeanFactory.doResolveDependency(DefaultListableBeanFactory.java:1354) ~[spring-beans-5.3.22.jar:5.3.22]
	at org.springframework.beans.factory.support.DefaultListableBeanFactory.resolveDependency(DefaultListableBeanFactory.java:1311) ~[spring-beans-5.3.22.jar:5.3.22]
	at org.springframework.beans.factory.support.ConstructorResolver.resolveAutowiredArgument(ConstructorResolver.java:887) ~[spring-beans-5.3.22.jar:5.3.22]
	at org.springframework.beans.factory.support.ConstructorResolver.createArgumentArray(ConstructorResolver.java:791) ~[spring-beans-5.3.22.jar:5.3.22]
	... 85 common frames omitted
Caused by: org.flowable.common.engine.api.FlowableException: Error initialising dmn data model
	at org.flowable.dmn.engine.impl.db.DmnDbSchemaManager.initSchema(DmnDbSchemaManager.java:67) ~[flowable-dmn-engine-6.4.1.jar:6.4.1]
	at org.flowable.dmn.engine.impl.db.DmnDbSchemaManager.initSchema(DmnDbSchemaManager.java:48) ~[flowable-dmn-engine-6.4.1.jar:6.4.1]
	at org.flowable.dmn.engine.impl.db.DmnDbSchemaManager.initSchema(DmnDbSchemaManager.java:44) ~[flowable-dmn-engine-6.4.1.jar:6.4.1]
	at org.flowable.dmn.engine.impl.cmd.SchemaOperationsDmnEngineBuild.execute(SchemaOperationsDmnEngineBuild.java:27) ~[flowable-dmn-engine-6.4.1.jar:6.4.1]
	at org.flowable.dmn.engine.impl.cmd.SchemaOperationsDmnEngineBuild.execute(SchemaOperationsDmnEngineBuild.java:23) ~[flowable-dmn-engine-6.4.1.jar:6.4.1]
	at org.flowable.common.engine.impl.interceptor.DefaultCommandInvoker.execute(DefaultCommandInvoker.java:22) ~[flowable-engine-common-6.4.1.jar:6.4.1]
	at org.flowable.common.engine.impl.interceptor.TransactionContextInterceptor.execute(TransactionContextInterceptor.java:53) ~[flowable-engine-common-6.4.1.jar:6.4.1]
	at org.flowable.common.engine.impl.interceptor.CommandContextInterceptor.execute(CommandContextInterceptor.java:71) ~[flowable-engine-common-6.4.1.jar:6.4.1]
	at org.flowable.dmn.spring.SpringTransactionInterceptor$1.doInTransaction(SpringTransactionInterceptor.java:49) ~[flowable-dmn-spring-6.4.1.jar:6.4.1]
	at org.springframework.transaction.support.TransactionTemplate.execute(TransactionTemplate.java:140) ~[spring-tx-5.3.22.jar:5.3.22]
	at org.flowable.dmn.spring.SpringTransactionInterceptor.execute(SpringTransactionInterceptor.java:46) ~[flowable-dmn-spring-6.4.1.jar:6.4.1]
	at org.flowable.common.engine.impl.interceptor.LogInterceptor.execute(LogInterceptor.java:30) ~[flowable-engine-common-6.4.1.jar:6.4.1]
	at org.flowable.common.engine.impl.cfg.CommandExecutorImpl.execute(CommandExecutorImpl.java:56) ~[flowable-engine-common-6.4.1.jar:6.4.1]
	at org.flowable.dmn.engine.impl.DmnEngineImpl.<init>(DmnEngineImpl.java:48) ~[flowable-dmn-engine-6.4.1.jar:6.4.1]
	at org.flowable.dmn.engine.DmnEngineConfiguration.buildDmnEngine(DmnEngineConfiguration.java:217) ~[flowable-dmn-engine-6.4.1.jar:6.4.1]
	at org.flowable.dmn.spring.SpringDmnEngineConfiguration.buildDmnEngine(SpringDmnEngineConfiguration.java:67) ~[flowable-dmn-spring-6.4.1.jar:6.4.1]
	at org.flowable.dmn.spring.configurator.SpringDmnEngineConfigurator.initDmnEngine(SpringDmnEngineConfigurator.java:68) ~[flowable-dmn-spring-configurator-6.4.1.jar:6.4.1]
	at org.flowable.dmn.spring.configurator.SpringDmnEngineConfigurator.configure(SpringDmnEngineConfigurator.java:57) ~[flowable-dmn-spring-configurator-6.4.1.jar:6.4.1]
	at org.flowable.common.engine.impl.AbstractEngineConfiguration.configuratorsAfterInit(AbstractEngineConfiguration.java:887) ~[flowable-engine-common-6.4.1.jar:6.4.1]
	at org.flowable.app.engine.AppEngineConfiguration.init(AppEngineConfiguration.java:222) ~[flowable-app-engine-6.4.1.jar:6.4.1]
	at org.flowable.app.engine.AppEngineConfiguration.buildAppEngine(AppEngineConfiguration.java:180) ~[flowable-app-engine-6.4.1.jar:6.4.1]
	at org.flowable.app.spring.SpringAppEngineConfiguration.buildAppEngine(SpringAppEngineConfiguration.java:61) ~[flowable-app-engine-spring-6.4.1.jar:6.4.1]
	at org.flowable.app.spring.AppEngineFactoryBean.getObject(AppEngineFactoryBean.java:59) ~[flowable-app-engine-spring-6.4.1.jar:6.4.1]
	at org.flowable.app.spring.AppEngineFactoryBean.getObject(AppEngineFactoryBean.java:31) ~[flowable-app-engine-spring-6.4.1.jar:6.4.1]
	at org.springframework.beans.factory.support.FactoryBeanRegistrySupport.doGetObjectFromFactoryBean(FactoryBeanRegistrySupport.java:169) ~[spring-beans-5.3.22.jar:5.3.22]
	... 97 common frames omitted
Caused by: liquibase.exception.LiquibaseException: liquibase.exception.MigrationFailedException: Migration failed for change set org/flowable/dmn/db/liquibase/flowable-dmn-db-changelog.xml::6::flowable:
     Reason: liquibase.exception.DatabaseException: Specified key was too long; max key length is 1000 bytes [Failed SQL: (1071) CREATE UNIQUE INDEX ACT_IDX_DEC_TBL_UNIQ ON flowable.ACT_DMN_DECISION_TABLE(KEY_, VERSION_, TENANT_ID_)]
	at liquibase.changelog.ChangeLogIterator.run(ChangeLogIterator.java:124) ~[liquibase-core-4.5.0.jar:na]
	at liquibase.Liquibase.lambda$null$0(Liquibase.java:265) ~[liquibase-core-4.5.0.jar:na]
	at liquibase.Scope.lambda$child$0(Scope.java:177) ~[liquibase-core-4.5.0.jar:na]
	at liquibase.Scope.child(Scope.java:186) ~[liquibase-core-4.5.0.jar:na]
	at liquibase.Scope.child(Scope.java:176) ~[liquibase-core-4.5.0.jar:na]
	at liquibase.Scope.child(Scope.java:155) ~[liquibase-core-4.5.0.jar:na]
	at liquibase.Scope.child(Scope.java:239) ~[liquibase-core-4.5.0.jar:na]
	at liquibase.Liquibase.lambda$update$1(Liquibase.java:264) ~[liquibase-core-4.5.0.jar:na]
	at liquibase.Scope.lambda$child$0(Scope.java:177) ~[liquibase-core-4.5.0.jar:na]
	at liquibase.Scope.child(Scope.java:186) ~[liquibase-core-4.5.0.jar:na]
	at liquibase.Scope.child(Scope.java:176) ~[liquibase-core-4.5.0.jar:na]
	at liquibase.Scope.child(Scope.java:155) ~[liquibase-core-4.5.0.jar:na]
	at liquibase.Liquibase.runInScope(Liquibase.java:2404) ~[liquibase-core-4.5.0.jar:na]
	at liquibase.Liquibase.update(Liquibase.java:211) ~[liquibase-core-4.5.0.jar:na]
	at liquibase.Liquibase.update(Liquibase.java:197) ~[liquibase-core-4.5.0.jar:na]
	at liquibase.Liquibase.update(Liquibase.java:193) ~[liquibase-core-4.5.0.jar:na]
	at liquibase.Liquibase.update(Liquibase.java:185) ~[liquibase-core-4.5.0.jar:na]
	at org.flowable.dmn.engine.impl.db.DmnDbSchemaManager.initSchema(DmnDbSchemaManager.java:61) ~[flowable-dmn-engine-6.4.1.jar:6.4.1]
	... 121 common frames omitted
Caused by: liquibase.exception.MigrationFailedException: Migration failed for change set org/flowable/dmn/db/liquibase/flowable-dmn-db-changelog.xml::6::flowable:
     Reason: liquibase.exception.DatabaseException: Specified key was too long; max key length is 1000 bytes [Failed SQL: (1071) CREATE UNIQUE INDEX ACT_IDX_DEC_TBL_UNIQ ON flowable.ACT_DMN_DECISION_TABLE(KEY_, VERSION_, TENANT_ID_)]
	at liquibase.changelog.ChangeSet.execute(ChangeSet.java:695) ~[liquibase-core-4.5.0.jar:na]
	at liquibase.changelog.visitor.UpdateVisitor.visit(UpdateVisitor.java:49) ~[liquibase-core-4.5.0.jar:na]
	at liquibase.changelog.ChangeLogIterator$2.lambda$null$0(ChangeLogIterator.java:111) ~[liquibase-core-4.5.0.jar:na]
	at liquibase.Scope.lambda$child$0(Scope.java:177) ~[liquibase-core-4.5.0.jar:na]
	at liquibase.Scope.child(Scope.java:186) ~[liquibase-core-4.5.0.jar:na]
	at liquibase.Scope.child(Scope.java:176) ~[liquibase-core-4.5.0.jar:na]
	at liquibase.Scope.child(Scope.java:155) ~[liquibase-core-4.5.0.jar:na]
	at liquibase.changelog.ChangeLogIterator$2.lambda$run$1(ChangeLogIterator.java:110) ~[liquibase-core-4.5.0.jar:na]
	at liquibase.Scope.lambda$child$0(Scope.java:177) ~[liquibase-core-4.5.0.jar:na]
	at liquibase.Scope.child(Scope.java:186) ~[liquibase-core-4.5.0.jar:na]
	at liquibase.Scope.child(Scope.java:176) ~[liquibase-core-4.5.0.jar:na]
	at liquibase.Scope.child(Scope.java:155) ~[liquibase-core-4.5.0.jar:na]
	at liquibase.Scope.child(Scope.java:239) ~[liquibase-core-4.5.0.jar:na]
	at liquibase.changelog.ChangeLogIterator$2.run(ChangeLogIterator.java:94) ~[liquibase-core-4.5.0.jar:na]
	at liquibase.Scope.lambda$child$0(Scope.java:177) ~[liquibase-core-4.5.0.jar:na]
	at liquibase.Scope.child(Scope.java:186) ~[liquibase-core-4.5.0.jar:na]
	at liquibase.Scope.child(Scope.java:176) ~[liquibase-core-4.5.0.jar:na]
	at liquibase.Scope.child(Scope.java:155) ~[liquibase-core-4.5.0.jar:na]
	at liquibase.Scope.child(Scope.java:239) ~[liquibase-core-4.5.0.jar:na]
	at liquibase.Scope.child(Scope.java:243) ~[liquibase-core-4.5.0.jar:na]
	at liquibase.changelog.ChangeLogIterator.run(ChangeLogIterator.java:66) ~[liquibase-core-4.5.0.jar:na]
	... 138 common frames omitted
Caused by: liquibase.exception.DatabaseException: Specified key was too long; max key length is 1000 bytes [Failed SQL: (1071) CREATE UNIQUE INDEX ACT_IDX_DEC_TBL_UNIQ ON flowable.ACT_DMN_DECISION_TABLE(KEY_, VERSION_, TENANT_ID_)]
	at liquibase.executor.jvm.JdbcExecutor$ExecuteStatementCallback.doInStatement(JdbcExecutor.java:393) ~[liquibase-core-4.5.0.jar:na]
	at liquibase.executor.jvm.JdbcExecutor.execute(JdbcExecutor.java:82) ~[liquibase-core-4.5.0.jar:na]
	at liquibase.executor.jvm.JdbcExecutor.execute(JdbcExecutor.java:150) ~[liquibase-core-4.5.0.jar:na]
	at liquibase.database.AbstractJdbcDatabase.execute(AbstractJdbcDatabase.java:1279) ~[liquibase-core-4.5.0.jar:na]
	at liquibase.database.AbstractJdbcDatabase.executeStatements(AbstractJdbcDatabase.java:1261) ~[liquibase-core-4.5.0.jar:na]
	at liquibase.changelog.ChangeSet.execute(ChangeSet.java:660) ~[liquibase-core-4.5.0.jar:na]
	... 158 common frames omitted
Caused by: java.sql.SQLSyntaxErrorException: Specified key was too long; max key length is 1000 bytes
	at com.mysql.cj.jdbc.exceptions.SQLError.createSQLException(SQLError.java:120) ~[mysql-connector-java-8.0.29.jar:8.0.29]
	at com.mysql.cj.jdbc.exceptions.SQLExceptionsMapping.translateException(SQLExceptionsMapping.java:122) ~[mysql-connector-java-8.0.29.jar:8.0.29]
	at com.mysql.cj.jdbc.StatementImpl.executeInternal(StatementImpl.java:763) ~[mysql-connector-java-8.0.29.jar:8.0.29]
	at com.mysql.cj.jdbc.StatementImpl.execute(StatementImpl.java:648) ~[mysql-connector-java-8.0.29.jar:8.0.29]
	at com.zaxxer.hikari.pool.ProxyStatement.execute(ProxyStatement.java:94) ~[HikariCP-4.0.3.jar:na]
	at com.zaxxer.hikari.pool.HikariProxyStatement.execute(HikariProxyStatement.java) ~[HikariCP-4.0.3.jar:na]
	at liquibase.executor.jvm.JdbcExecutor$ExecuteStatementCallback.doInStatement(JdbcExecutor.java:389) ~[liquibase-core-4.5.0.jar:na]
	... 163 common frames omitted

2022-08-02 15:48:38.515 ERROR 23256 --- [           main] o.s.test.context.TestContextManager      : Caught exception while allowing TestExecutionListener [org.springframework.test.context.web.ServletTestExecutionListener@40499e4f] to prepare test instance [com.twoDB.flowable.FlowTwoDbApplicationTests@62b72289]

java.lang.IllegalStateException: Failed to load ApplicationContext
	at org.springframework.test.context.cache.DefaultCacheAwareContextLoaderDelegate.loadContext(DefaultCacheAwareContextLoaderDelegate.java:132) ~[spring-test-5.3.22.jar:5.3.22]
	at org.springframework.test.context.support.DefaultTestContext.getApplicationContext(DefaultTestContext.java:124) ~[spring-test-5.3.22.jar:5.3.22]
	at org.springframework.test.context.web.ServletTestExecutionListener.setUpRequestContextIfNecessary(ServletTestExecutionListener.java:190) ~[spring-test-5.3.22.jar:5.3.22]
	at org.springframework.test.context.web.ServletTestExecutionListener.prepareTestInstance(ServletTestExecutionListener.java:132) ~[spring-test-5.3.22.jar:5.3.22]
	at org.springframework.test.context.TestContextManager.prepareTestInstance(TestContextManager.java:248) ~[spring-test-5.3.22.jar:5.3.22]
	at org.springframework.test.context.junit.jupiter.SpringExtension.postProcessTestInstance(SpringExtension.java:138) ~[spring-test-5.3.22.jar:5.3.22]
	at org.junit.jupiter.engine.descriptor.ClassBasedTestDescriptor.lambda$invokeTestInstancePostProcessors$8(ClassBasedTestDescriptor.java:363) ~[junit-jupiter-engine-5.8.2.jar:5.8.2]
	at org.junit.jupiter.engine.descriptor.ClassBasedTestDescriptor.executeAndMaskThrowable(ClassBasedTestDescriptor.java:368) ~[junit-jupiter-engine-5.8.2.jar:5.8.2]
	at org.junit.jupiter.engine.descriptor.ClassBasedTestDescriptor.lambda$invokeTestInstancePostProcessors$9(ClassBasedTestDescriptor.java:363) ~[junit-jupiter-engine-5.8.2.jar:5.8.2]
	at java.base/java.util.stream.ReferencePipeline$3$1.accept(ReferencePipeline.java:197) ~[na:na]
	at java.base/java.util.stream.ReferencePipeline$2$1.accept(ReferencePipeline.java:179) ~[na:na]
	at java.base/java.util.ArrayList$ArrayListSpliterator.forEachRemaining(ArrayList.java:1625) ~[na:na]
	at java.base/java.util.stream.AbstractPipeline.copyInto(AbstractPipeline.java:509) ~[na:na]
	at java.base/java.util.stream.AbstractPipeline.wrapAndCopyInto(AbstractPipeline.java:499) ~[na:na]
	at java.base/java.util.stream.StreamSpliterators$WrappingSpliterator.forEachRemaining(StreamSpliterators.java:310) ~[na:na]
	at java.base/java.util.stream.Streams$ConcatSpliterator.forEachRemaining(Streams.java:735) ~[na:na]
	at java.base/java.util.stream.Streams$ConcatSpliterator.forEachRemaining(Streams.java:734) ~[na:na]
	at java.base/java.util.stream.ReferencePipeline$Head.forEach(ReferencePipeline.java:762) ~[na:na]
	at org.junit.jupiter.engine.descriptor.ClassBasedTestDescriptor.invokeTestInstancePostProcessors(ClassBasedTestDescriptor.java:362) ~[junit-jupiter-engine-5.8.2.jar:5.8.2]
	at org.junit.jupiter.engine.descriptor.ClassBasedTestDescriptor.lambda$instantiateAndPostProcessTestInstance$6(ClassBasedTestDescriptor.java:283) ~[junit-jupiter-engine-5.8.2.jar:5.8.2]
	at org.junit.platform.engine.support.hierarchical.ThrowableCollector.execute(ThrowableCollector.java:73) ~[junit-platform-engine-1.8.2.jar:1.8.2]
	at org.junit.jupiter.engine.descriptor.ClassBasedTestDescriptor.instantiateAndPostProcessTestInstance(ClassBasedTestDescriptor.java:282) ~[junit-jupiter-engine-5.8.2.jar:5.8.2]
	at org.junit.jupiter.engine.descriptor.ClassBasedTestDescriptor.lambda$testInstancesProvider$4(ClassBasedTestDescriptor.java:272) ~[junit-jupiter-engine-5.8.2.jar:5.8.2]
	at java.base/java.util.Optional.orElseGet(Optional.java:364) ~[na:na]
	at org.junit.jupiter.engine.descriptor.ClassBasedTestDescriptor.lambda$testInstancesProvider$5(ClassBasedTestDescriptor.java:271) ~[junit-jupiter-engine-5.8.2.jar:5.8.2]
	at org.junit.jupiter.engine.execution.TestInstancesProvider.getTestInstances(TestInstancesProvider.java:31) ~[junit-jupiter-engine-5.8.2.jar:5.8.2]
	at org.junit.jupiter.engine.descriptor.TestMethodTestDescriptor.lambda$prepare$0(TestMethodTestDescriptor.java:102) ~[junit-jupiter-engine-5.8.2.jar:5.8.2]
	at org.junit.platform.engine.support.hierarchical.ThrowableCollector.execute(ThrowableCollector.java:73) ~[junit-platform-engine-1.8.2.jar:1.8.2]
	at org.junit.jupiter.engine.descriptor.TestMethodTestDescriptor.prepare(TestMethodTestDescriptor.java:101) ~[junit-jupiter-engine-5.8.2.jar:5.8.2]
	at org.junit.jupiter.engine.descriptor.TestMethodTestDescriptor.prepare(TestMethodTestDescriptor.java:66) ~[junit-jupiter-engine-5.8.2.jar:5.8.2]
	at org.junit.platform.engine.support.hierarchical.NodeTestTask.lambda$prepare$2(NodeTestTask.java:123) ~[junit-platform-engine-1.8.2.jar:1.8.2]
	at org.junit.platform.engine.support.hierarchical.ThrowableCollector.execute(ThrowableCollector.java:73) ~[junit-platform-engine-1.8.2.jar:1.8.2]
	at org.junit.platform.engine.support.hierarchical.NodeTestTask.prepare(NodeTestTask.java:123) ~[junit-platform-engine-1.8.2.jar:1.8.2]
	at org.junit.platform.engine.support.hierarchical.NodeTestTask.execute(NodeTestTask.java:90) ~[junit-platform-engine-1.8.2.jar:1.8.2]
	at java.base/java.util.ArrayList.forEach(ArrayList.java:1511) ~[na:na]
	at org.junit.platform.engine.support.hierarchical.SameThreadHierarchicalTestExecutorService.invokeAll(SameThreadHierarchicalTestExecutorService.java:41) ~[junit-platform-engine-1.8.2.jar:1.8.2]
	at org.junit.platform.engine.support.hierarchical.NodeTestTask.lambda$executeRecursively$6(NodeTestTask.java:155) ~[junit-platform-engine-1.8.2.jar:1.8.2]
	at org.junit.platform.engine.support.hierarchical.ThrowableCollector.execute(ThrowableCollector.java:73) ~[junit-platform-engine-1.8.2.jar:1.8.2]
	at org.junit.platform.engine.support.hierarchical.NodeTestTask.lambda$executeRecursively$8(NodeTestTask.java:141) ~[junit-platform-engine-1.8.2.jar:1.8.2]
	at org.junit.platform.engine.support.hierarchical.Node.around(Node.java:137) ~[junit-platform-engine-1.8.2.jar:1.8.2]
	at org.junit.platform.engine.support.hierarchical.NodeTestTask.lambda$executeRecursively$9(NodeTestTask.java:139) ~[junit-platform-engine-1.8.2.jar:1.8.2]
	at org.junit.platform.engine.support.hierarchical.ThrowableCollector.execute(ThrowableCollector.java:73) ~[junit-platform-engine-1.8.2.jar:1.8.2]
	at org.junit.platform.engine.support.hierarchical.NodeTestTask.executeRecursively(NodeTestTask.java:138) ~[junit-platform-engine-1.8.2.jar:1.8.2]
	at org.junit.platform.engine.support.hierarchical.NodeTestTask.execute(NodeTestTask.java:95) ~[junit-platform-engine-1.8.2.jar:1.8.2]
	at java.base/java.util.ArrayList.forEach(ArrayList.java:1511) ~[na:na]
	at org.junit.platform.engine.support.hierarchical.SameThreadHierarchicalTestExecutorService.invokeAll(SameThreadHierarchicalTestExecutorService.java:41) ~[junit-platform-engine-1.8.2.jar:1.8.2]
	at org.junit.platform.engine.support.hierarchical.NodeTestTask.lambda$executeRecursively$6(NodeTestTask.java:155) ~[junit-platform-engine-1.8.2.jar:1.8.2]
	at org.junit.platform.engine.support.hierarchical.ThrowableCollector.execute(ThrowableCollector.java:73) ~[junit-platform-engine-1.8.2.jar:1.8.2]
	at org.junit.platform.engine.support.hierarchical.NodeTestTask.lambda$executeRecursively$8(NodeTestTask.java:141) ~[junit-platform-engine-1.8.2.jar:1.8.2]
	at org.junit.platform.engine.support.hierarchical.Node.around(Node.java:137) ~[junit-platform-engine-1.8.2.jar:1.8.2]
	at org.junit.platform.engine.support.hierarchical.NodeTestTask.lambda$executeRecursively$9(NodeTestTask.java:139) ~[junit-platform-engine-1.8.2.jar:1.8.2]
	at org.junit.platform.engine.support.hierarchical.ThrowableCollector.execute(ThrowableCollector.java:73) ~[junit-platform-engine-1.8.2.jar:1.8.2]
	at org.junit.platform.engine.support.hierarchical.NodeTestTask.executeRecursively(NodeTestTask.java:138) ~[junit-platform-engine-1.8.2.jar:1.8.2]
	at org.junit.platform.engine.support.hierarchical.NodeTestTask.execute(NodeTestTask.java:95) ~[junit-platform-engine-1.8.2.jar:1.8.2]
	at org.junit.platform.engine.support.hierarchical.SameThreadHierarchicalTestExecutorService.submit(SameThreadHierarchicalTestExecutorService.java:35) ~[junit-platform-engine-1.8.2.jar:1.8.2]
	at org.junit.platform.engine.support.hierarchical.HierarchicalTestExecutor.execute(HierarchicalTestExecutor.java:57) ~[junit-platform-engine-1.8.2.jar:1.8.2]
	at org.junit.platform.engine.support.hierarchical.HierarchicalTestEngine.execute(HierarchicalTestEngine.java:54) ~[junit-platform-engine-1.8.2.jar:1.8.2]
	at org.junit.platform.launcher.core.DefaultLauncher.execute(DefaultLauncher.java:220) ~[junit-platform-launcher-1.3.1.jar:1.3.1]
	at org.junit.platform.launcher.core.DefaultLauncher.lambda$execute$6(DefaultLauncher.java:188) ~[junit-platform-launcher-1.3.1.jar:1.3.1]
	at org.junit.platform.launcher.core.DefaultLauncher.withInterceptedStreams(DefaultLauncher.java:202) ~[junit-platform-launcher-1.3.1.jar:1.3.1]
	at org.junit.platform.launcher.core.DefaultLauncher.execute(DefaultLauncher.java:181) ~[junit-platform-launcher-1.3.1.jar:1.3.1]
	at org.junit.platform.launcher.core.DefaultLauncher.execute(DefaultLauncher.java:128) ~[junit-platform-launcher-1.3.1.jar:1.3.1]
	at org.apache.maven.surefire.junitplatform.JUnitPlatformProvider.invokeAllTests(JUnitPlatformProvider.java:150) ~[surefire-junit-platform-2.22.2.jar:2.22.2]
	at org.apache.maven.surefire.junitplatform.JUnitPlatformProvider.invoke(JUnitPlatformProvider.java:124) ~[surefire-junit-platform-2.22.2.jar:2.22.2]
	at org.apache.maven.surefire.booter.ForkedBooter.invokeProviderInSameClassLoader(ForkedBooter.java:384) ~[surefire-booter-2.22.2.jar:2.22.2]
	at org.apache.maven.surefire.booter.ForkedBooter.runSuitesInProcess(ForkedBooter.java:345) ~[surefire-booter-2.22.2.jar:2.22.2]
	at org.apache.maven.surefire.booter.ForkedBooter.execute(ForkedBooter.java:126) ~[surefire-booter-2.22.2.jar:2.22.2]
	at org.apache.maven.surefire.booter.ForkedBooter.main(ForkedBooter.java:418) ~[surefire-booter-2.22.2.jar:2.22.2]
Caused by: org.springframework.beans.factory.UnsatisfiedDependencyException: Error creating bean with name 'appRepositoryServiceBean' defined in class path resource [org/flowable/spring/boot/app/AppEngineServicesAutoConfiguration.class]: Unsatisfied dependency expressed through method 'appRepositoryServiceBean' parameter 0; nested exception is org.springframework.beans.factory.BeanCreationException: Error creating bean with name 'flowableAppEngine': FactoryBean threw exception on object creation; nested exception is org.flowable.common.engine.api.FlowableException: Error initialising dmn data model
	at org.springframework.beans.factory.support.ConstructorResolver.createArgumentArray(ConstructorResolver.java:800) ~[spring-beans-5.3.22.jar:5.3.22]
	at org.springframework.beans.factory.support.ConstructorResolver.instantiateUsingFactoryMethod(ConstructorResolver.java:541) ~[spring-beans-5.3.22.jar:5.3.22]
	at org.springframework.beans.factory.support.AbstractAutowireCapableBeanFactory.instantiateUsingFactoryMethod(AbstractAutowireCapableBeanFactory.java:1352) ~[spring-beans-5.3.22.jar:5.3.22]
	at org.springframework.beans.factory.support.AbstractAutowireCapableBeanFactory.createBeanInstance(AbstractAutowireCapableBeanFactory.java:1195) ~[spring-beans-5.3.22.jar:5.3.22]
	at org.springframework.beans.factory.support.AbstractAutowireCapableBeanFactory.doCreateBean(AbstractAutowireCapableBeanFactory.java:582) ~[spring-beans-5.3.22.jar:5.3.22]
	at org.springframework.beans.factory.support.AbstractAutowireCapableBeanFactory.createBean(AbstractAutowireCapableBeanFactory.java:542) ~[spring-beans-5.3.22.jar:5.3.22]
	at org.springframework.beans.factory.support.AbstractBeanFactory.lambda$doGetBean$0(AbstractBeanFactory.java:335) ~[spring-beans-5.3.22.jar:5.3.22]
	at org.springframework.beans.factory.support.DefaultSingletonBeanRegistry.getSingleton(DefaultSingletonBeanRegistry.java:234) ~[spring-beans-5.3.22.jar:5.3.22]
	at org.springframework.beans.factory.support.AbstractBeanFactory.doGetBean(AbstractBeanFactory.java:333) ~[spring-beans-5.3.22.jar:5.3.22]
	at org.springframework.beans.factory.support.AbstractBeanFactory.getBean(AbstractBeanFactory.java:208) ~[spring-beans-5.3.22.jar:5.3.22]
	at org.springframework.beans.factory.support.DefaultListableBeanFactory.preInstantiateSingletons(DefaultListableBeanFactory.java:955) ~[spring-beans-5.3.22.jar:5.3.22]
	at org.springframework.context.support.AbstractApplicationContext.finishBeanFactoryInitialization(AbstractApplicationContext.java:918) ~[spring-context-5.3.22.jar:5.3.22]
	at org.springframework.context.support.AbstractApplicationContext.refresh(AbstractApplicationContext.java:583) ~[spring-context-5.3.22.jar:5.3.22]
	at org.springframework.boot.SpringApplication.refresh(SpringApplication.java:745) ~[spring-boot-2.6.10.jar:2.6.10]
	at org.springframework.boot.SpringApplication.refreshContext(SpringApplication.java:420) ~[spring-boot-2.6.10.jar:2.6.10]
	at org.springframework.boot.SpringApplication.run(SpringApplication.java:307) ~[spring-boot-2.6.10.jar:2.6.10]
	at org.springframework.boot.test.context.SpringBootContextLoader.loadContext(SpringBootContextLoader.java:144) ~[spring-boot-test-2.6.10.jar:2.6.10]
	at org.springframework.test.context.cache.DefaultCacheAwareContextLoaderDelegate.loadContextInternal(DefaultCacheAwareContextLoaderDelegate.java:99) ~[spring-test-5.3.22.jar:5.3.22]
	at org.springframework.test.context.cache.DefaultCacheAwareContextLoaderDelegate.loadContext(DefaultCacheAwareContextLoaderDelegate.java:124) ~[spring-test-5.3.22.jar:5.3.22]
	... 67 common frames omitted
Caused by: org.springframework.beans.factory.BeanCreationException: Error creating bean with name 'flowableAppEngine': FactoryBean threw exception on object creation; nested exception is org.flowable.common.engine.api.FlowableException: Error initialising dmn data model
	at org.springframework.beans.factory.support.FactoryBeanRegistrySupport.doGetObjectFromFactoryBean(FactoryBeanRegistrySupport.java:176) ~[spring-beans-5.3.22.jar:5.3.22]
	at org.springframework.beans.factory.support.FactoryBeanRegistrySupport.getObjectFromFactoryBean(FactoryBeanRegistrySupport.java:101) ~[spring-beans-5.3.22.jar:5.3.22]
	at org.springframework.beans.factory.support.AbstractBeanFactory.getObjectForBeanInstance(AbstractBeanFactory.java:1884) ~[spring-beans-5.3.22.jar:5.3.22]
	at org.springframework.beans.factory.support.AbstractAutowireCapableBeanFactory.getObjectForBeanInstance(AbstractAutowireCapableBeanFactory.java:1284) ~[spring-beans-5.3.22.jar:5.3.22]
	at org.springframework.beans.factory.support.AbstractBeanFactory.doGetBean(AbstractBeanFactory.java:267) ~[spring-beans-5.3.22.jar:5.3.22]
	at org.springframework.beans.factory.support.AbstractBeanFactory.getBean(AbstractBeanFactory.java:208) ~[spring-beans-5.3.22.jar:5.3.22]
	at org.springframework.beans.factory.config.DependencyDescriptor.resolveCandidate(DependencyDescriptor.java:276) ~[spring-beans-5.3.22.jar:5.3.22]
	at org.springframework.beans.factory.support.DefaultListableBeanFactory.addCandidateEntry(DefaultListableBeanFactory.java:1616) ~[spring-beans-5.3.22.jar:5.3.22]
	at org.springframework.beans.factory.support.DefaultListableBeanFactory.findAutowireCandidates(DefaultListableBeanFactory.java:1573) ~[spring-beans-5.3.22.jar:5.3.22]
	at org.springframework.beans.factory.support.DefaultListableBeanFactory.doResolveDependency(DefaultListableBeanFactory.java:1354) ~[spring-beans-5.3.22.jar:5.3.22]
	at org.springframework.beans.factory.support.DefaultListableBeanFactory.resolveDependency(DefaultListableBeanFactory.java:1311) ~[spring-beans-5.3.22.jar:5.3.22]
	at org.springframework.beans.factory.support.ConstructorResolver.resolveAutowiredArgument(ConstructorResolver.java:887) ~[spring-beans-5.3.22.jar:5.3.22]
	at org.springframework.beans.factory.support.ConstructorResolver.createArgumentArray(ConstructorResolver.java:791) ~[spring-beans-5.3.22.jar:5.3.22]
	... 85 common frames omitted
Caused by: org.flowable.common.engine.api.FlowableException: Error initialising dmn data model
	at org.flowable.dmn.engine.impl.db.DmnDbSchemaManager.initSchema(DmnDbSchemaManager.java:67) ~[flowable-dmn-engine-6.4.1.jar:6.4.1]
	at org.flowable.dmn.engine.impl.db.DmnDbSchemaManager.initSchema(DmnDbSchemaManager.java:48) ~[flowable-dmn-engine-6.4.1.jar:6.4.1]
	at org.flowable.dmn.engine.impl.db.DmnDbSchemaManager.initSchema(DmnDbSchemaManager.java:44) ~[flowable-dmn-engine-6.4.1.jar:6.4.1]
	at org.flowable.dmn.engine.impl.cmd.SchemaOperationsDmnEngineBuild.execute(SchemaOperationsDmnEngineBuild.java:27) ~[flowable-dmn-engine-6.4.1.jar:6.4.1]
	at org.flowable.dmn.engine.impl.cmd.SchemaOperationsDmnEngineBuild.execute(SchemaOperationsDmnEngineBuild.java:23) ~[flowable-dmn-engine-6.4.1.jar:6.4.1]
	at org.flowable.common.engine.impl.interceptor.DefaultCommandInvoker.execute(DefaultCommandInvoker.java:22) ~[flowable-engine-common-6.4.1.jar:6.4.1]
	at org.flowable.common.engine.impl.interceptor.TransactionContextInterceptor.execute(TransactionContextInterceptor.java:53) ~[flowable-engine-common-6.4.1.jar:6.4.1]
	at org.flowable.common.engine.impl.interceptor.CommandContextInterceptor.execute(CommandContextInterceptor.java:71) ~[flowable-engine-common-6.4.1.jar:6.4.1]
	at org.flowable.dmn.spring.SpringTransactionInterceptor$1.doInTransaction(SpringTransactionInterceptor.java:49) ~[flowable-dmn-spring-6.4.1.jar:6.4.1]
	at org.springframework.transaction.support.TransactionTemplate.execute(TransactionTemplate.java:140) ~[spring-tx-5.3.22.jar:5.3.22]
	at org.flowable.dmn.spring.SpringTransactionInterceptor.execute(SpringTransactionInterceptor.java:46) ~[flowable-dmn-spring-6.4.1.jar:6.4.1]
	at org.flowable.common.engine.impl.interceptor.LogInterceptor.execute(LogInterceptor.java:30) ~[flowable-engine-common-6.4.1.jar:6.4.1]
	at org.flowable.common.engine.impl.cfg.CommandExecutorImpl.execute(CommandExecutorImpl.java:56) ~[flowable-engine-common-6.4.1.jar:6.4.1]
	at org.flowable.dmn.engine.impl.DmnEngineImpl.<init>(DmnEngineImpl.java:48) ~[flowable-dmn-engine-6.4.1.jar:6.4.1]
	at org.flowable.dmn.engine.DmnEngineConfiguration.buildDmnEngine(DmnEngineConfiguration.java:217) ~[flowable-dmn-engine-6.4.1.jar:6.4.1]
	at org.flowable.dmn.spring.SpringDmnEngineConfiguration.buildDmnEngine(SpringDmnEngineConfiguration.java:67) ~[flowable-dmn-spring-6.4.1.jar:6.4.1]
	at org.flowable.dmn.spring.configurator.SpringDmnEngineConfigurator.initDmnEngine(SpringDmnEngineConfigurator.java:68) ~[flowable-dmn-spring-configurator-6.4.1.jar:6.4.1]
	at org.flowable.dmn.spring.configurator.SpringDmnEngineConfigurator.configure(SpringDmnEngineConfigurator.java:57) ~[flowable-dmn-spring-configurator-6.4.1.jar:6.4.1]
	at org.flowable.common.engine.impl.AbstractEngineConfiguration.configuratorsAfterInit(AbstractEngineConfiguration.java:887) ~[flowable-engine-common-6.4.1.jar:6.4.1]
	at org.flowable.app.engine.AppEngineConfiguration.init(AppEngineConfiguration.java:222) ~[flowable-app-engine-6.4.1.jar:6.4.1]
	at org.flowable.app.engine.AppEngineConfiguration.buildAppEngine(AppEngineConfiguration.java:180) ~[flowable-app-engine-6.4.1.jar:6.4.1]
	at org.flowable.app.spring.SpringAppEngineConfiguration.buildAppEngine(SpringAppEngineConfiguration.java:61) ~[flowable-app-engine-spring-6.4.1.jar:6.4.1]
	at org.flowable.app.spring.AppEngineFactoryBean.getObject(AppEngineFactoryBean.java:59) ~[flowable-app-engine-spring-6.4.1.jar:6.4.1]
	at org.flowable.app.spring.AppEngineFactoryBean.getObject(AppEngineFactoryBean.java:31) ~[flowable-app-engine-spring-6.4.1.jar:6.4.1]
	at org.springframework.beans.factory.support.FactoryBeanRegistrySupport.doGetObjectFromFactoryBean(FactoryBeanRegistrySupport.java:169) ~[spring-beans-5.3.22.jar:5.3.22]
	... 97 common frames omitted
Caused by: liquibase.exception.LiquibaseException: liquibase.exception.MigrationFailedException: Migration failed for change set org/flowable/dmn/db/liquibase/flowable-dmn-db-changelog.xml::6::flowable:
     Reason: liquibase.exception.DatabaseException: Specified key was too long; max key length is 1000 bytes [Failed SQL: (1071) CREATE UNIQUE INDEX ACT_IDX_DEC_TBL_UNIQ ON flowable.ACT_DMN_DECISION_TABLE(KEY_, VERSION_, TENANT_ID_)]
	at liquibase.changelog.ChangeLogIterator.run(ChangeLogIterator.java:124) ~[liquibase-core-4.5.0.jar:na]
	at liquibase.Liquibase.lambda$null$0(Liquibase.java:265) ~[liquibase-core-4.5.0.jar:na]
	at liquibase.Scope.lambda$child$0(Scope.java:177) ~[liquibase-core-4.5.0.jar:na]
	at liquibase.Scope.child(Scope.java:186) ~[liquibase-core-4.5.0.jar:na]
	at liquibase.Scope.child(Scope.java:176) ~[liquibase-core-4.5.0.jar:na]
	at liquibase.Scope.child(Scope.java:155) ~[liquibase-core-4.5.0.jar:na]
	at liquibase.Scope.child(Scope.java:239) ~[liquibase-core-4.5.0.jar:na]
	at liquibase.Liquibase.lambda$update$1(Liquibase.java:264) ~[liquibase-core-4.5.0.jar:na]
	at liquibase.Scope.lambda$child$0(Scope.java:177) ~[liquibase-core-4.5.0.jar:na]
	at liquibase.Scope.child(Scope.java:186) ~[liquibase-core-4.5.0.jar:na]
	at liquibase.Scope.child(Scope.java:176) ~[liquibase-core-4.5.0.jar:na]
	at liquibase.Scope.child(Scope.java:155) ~[liquibase-core-4.5.0.jar:na]
	at liquibase.Liquibase.runInScope(Liquibase.java:2404) ~[liquibase-core-4.5.0.jar:na]
	at liquibase.Liquibase.update(Liquibase.java:211) ~[liquibase-core-4.5.0.jar:na]
	at liquibase.Liquibase.update(Liquibase.java:197) ~[liquibase-core-4.5.0.jar:na]
	at liquibase.Liquibase.update(Liquibase.java:193) ~[liquibase-core-4.5.0.jar:na]
	at liquibase.Liquibase.update(Liquibase.java:185) ~[liquibase-core-4.5.0.jar:na]
	at org.flowable.dmn.engine.impl.db.DmnDbSchemaManager.initSchema(DmnDbSchemaManager.java:61) ~[flowable-dmn-engine-6.4.1.jar:6.4.1]
	... 121 common frames omitted
Caused by: liquibase.exception.MigrationFailedException: Migration failed for change set org/flowable/dmn/db/liquibase/flowable-dmn-db-changelog.xml::6::flowable:
     Reason: liquibase.exception.DatabaseException: Specified key was too long; max key length is 1000 bytes [Failed SQL: (1071) CREATE UNIQUE INDEX ACT_IDX_DEC_TBL_UNIQ ON flowable.ACT_DMN_DECISION_TABLE(KEY_, VERSION_, TENANT_ID_)]
	at liquibase.changelog.ChangeSet.execute(ChangeSet.java:695) ~[liquibase-core-4.5.0.jar:na]
	at liquibase.changelog.visitor.UpdateVisitor.visit(UpdateVisitor.java:49) ~[liquibase-core-4.5.0.jar:na]
	at liquibase.changelog.ChangeLogIterator$2.lambda$null$0(ChangeLogIterator.java:111) ~[liquibase-core-4.5.0.jar:na]
	at liquibase.Scope.lambda$child$0(Scope.java:177) ~[liquibase-core-4.5.0.jar:na]
	at liquibase.Scope.child(Scope.java:186) ~[liquibase-core-4.5.0.jar:na]
	at liquibase.Scope.child(Scope.java:176) ~[liquibase-core-4.5.0.jar:na]
	at liquibase.Scope.child(Scope.java:155) ~[liquibase-core-4.5.0.jar:na]
	at liquibase.changelog.ChangeLogIterator$2.lambda$run$1(ChangeLogIterator.java:110) ~[liquibase-core-4.5.0.jar:na]
	at liquibase.Scope.lambda$child$0(Scope.java:177) ~[liquibase-core-4.5.0.jar:na]
	at liquibase.Scope.child(Scope.java:186) ~[liquibase-core-4.5.0.jar:na]
	at liquibase.Scope.child(Scope.java:176) ~[liquibase-core-4.5.0.jar:na]
	at liquibase.Scope.child(Scope.java:155) ~[liquibase-core-4.5.0.jar:na]
	at liquibase.Scope.child(Scope.java:239) ~[liquibase-core-4.5.0.jar:na]
	at liquibase.changelog.ChangeLogIterator$2.run(ChangeLogIterator.java:94) ~[liquibase-core-4.5.0.jar:na]
	at liquibase.Scope.lambda$child$0(Scope.java:177) ~[liquibase-core-4.5.0.jar:na]
	at liquibase.Scope.child(Scope.java:186) ~[liquibase-core-4.5.0.jar:na]
	at liquibase.Scope.child(Scope.java:176) ~[liquibase-core-4.5.0.jar:na]
	at liquibase.Scope.child(Scope.java:155) ~[liquibase-core-4.5.0.jar:na]
	at liquibase.Scope.child(Scope.java:239) ~[liquibase-core-4.5.0.jar:na]
	at liquibase.Scope.child(Scope.java:243) ~[liquibase-core-4.5.0.jar:na]
	at liquibase.changelog.ChangeLogIterator.run(ChangeLogIterator.java:66) ~[liquibase-core-4.5.0.jar:na]
	... 138 common frames omitted
Caused by: liquibase.exception.DatabaseException: Specified key was too long; max key length is 1000 bytes [Failed SQL: (1071) CREATE UNIQUE INDEX ACT_IDX_DEC_TBL_UNIQ ON flowable.ACT_DMN_DECISION_TABLE(KEY_, VERSION_, TENANT_ID_)]
	at liquibase.executor.jvm.JdbcExecutor$ExecuteStatementCallback.doInStatement(JdbcExecutor.java:393) ~[liquibase-core-4.5.0.jar:na]
	at liquibase.executor.jvm.JdbcExecutor.execute(JdbcExecutor.java:82) ~[liquibase-core-4.5.0.jar:na]
	at liquibase.executor.jvm.JdbcExecutor.execute(JdbcExecutor.java:150) ~[liquibase-core-4.5.0.jar:na]
	at liquibase.database.AbstractJdbcDatabase.execute(AbstractJdbcDatabase.java:1279) ~[liquibase-core-4.5.0.jar:na]
	at liquibase.database.AbstractJdbcDatabase.executeStatements(AbstractJdbcDatabase.java:1261) ~[liquibase-core-4.5.0.jar:na]
	at liquibase.changelog.ChangeSet.execute(ChangeSet.java:660) ~[liquibase-core-4.5.0.jar:na]
	... 158 common frames omitted
Caused by: java.sql.SQLSyntaxErrorException: Specified key was too long; max key length is 1000 bytes
	at com.mysql.cj.jdbc.exceptions.SQLError.createSQLException(SQLError.java:120) ~[mysql-connector-java-8.0.29.jar:8.0.29]
	at com.mysql.cj.jdbc.exceptions.SQLExceptionsMapping.translateException(SQLExceptionsMapping.java:122) ~[mysql-connector-java-8.0.29.jar:8.0.29]
	at com.mysql.cj.jdbc.StatementImpl.executeInternal(StatementImpl.java:763) ~[mysql-connector-java-8.0.29.jar:8.0.29]
	at com.mysql.cj.jdbc.StatementImpl.execute(StatementImpl.java:648) ~[mysql-connector-java-8.0.29.jar:8.0.29]
	at com.zaxxer.hikari.pool.ProxyStatement.execute(ProxyStatement.java:94) ~[HikariCP-4.0.3.jar:na]
	at com.zaxxer.hikari.pool.HikariProxyStatement.execute(HikariProxyStatement.java) ~[HikariCP-4.0.3.jar:na]
	at liquibase.executor.jvm.JdbcExecutor$ExecuteStatementCallback.doInStatement(JdbcExecutor.java:389) ~[liquibase-core-4.5.0.jar:na]
	... 163 common frames omitted

]]></system-out>
  </testcase>
</testsuite>